{"/home/travis/build/npmtest/node-npmtest-dot/test.js":{"path":"/home/travis/build/npmtest/node-npmtest-dot/test.js","s":{"1":1,"2":1,"3":1,"4":1,"5":1,"6":1,"7":1,"8":1,"9":1,"10":1,"11":0,"12":0,"13":1,"14":1,"15":1,"16":1,"17":1,"18":1,"19":0,"20":1,"21":1,"22":1,"23":1,"24":0,"25":0,"26":0,"27":0,"28":1,"29":1,"30":1,"31":1,"32":1,"33":1,"34":1,"35":1,"36":1,"37":1,"38":1,"39":2,"40":2,"41":1,"42":2,"43":2,"44":1,"45":2,"46":2,"47":1,"48":2,"49":2,"50":1,"51":1,"52":1,"53":1,"54":1},"b":{"1":[1,0,0,0],"2":[1,1,1,1],"3":[0,1],"4":[0,1],"5":[0,0],"6":[1,1],"7":[0,1],"8":[0,1],"9":[0,0],"10":[0,0,0],"11":[1,1],"12":[1,1],"13":[1,1],"14":[1,1],"15":[1,1],"16":[1,1],"17":[1,1]},"f":{"1":1,"2":1,"3":1,"4":1,"5":1,"6":0,"7":1,"8":1,"9":2,"10":2,"11":2,"12":2,"13":1},"fnMap":{"1":{"name":"(anonymous_1)","line":12,"loc":{"start":{"line":12,"column":1},"end":{"line":12,"column":13}}},"2":{"name":"(anonymous_2)","line":19,"loc":{"start":{"line":19,"column":5},"end":{"line":19,"column":17}}},"3":{"name":"(anonymous_3)","line":23,"loc":{"start":{"line":23,"column":24},"end":{"line":23,"column":36}}},"4":{"name":"(anonymous_4)","line":61,"loc":{"start":{"line":61,"column":5},"end":{"line":61,"column":17}}},"5":{"name":"(anonymous_5)","line":82,"loc":{"start":{"line":82,"column":5},"end":{"line":82,"column":17}}},"6":{"name":"(anonymous_6)","line":91,"loc":{"start":{"line":91,"column":77},"end":{"line":94,"column":10}}},"7":{"name":"(anonymous_7)","line":112,"loc":{"start":{"line":112,"column":83},"end":{"line":115,"column":10}},"skip":true},"8":{"name":"(anonymous_8)","line":123,"loc":{"start":{"line":123,"column":77},"end":{"line":126,"column":10}},"skip":true},"9":{"name":"(anonymous_9)","line":139,"loc":{"start":{"line":139,"column":12},"end":{"line":139,"column":40}},"skip":true},"10":{"name":"(anonymous_10)","line":147,"loc":{"start":{"line":147,"column":77},"end":{"line":150,"column":10}},"skip":true},"11":{"name":"(anonymous_11)","line":158,"loc":{"start":{"line":158,"column":83},"end":{"line":161,"column":10}},"skip":true},"12":{"name":"(anonymous_12)","line":169,"loc":{"start":{"line":169,"column":79},"end":{"line":172,"column":10}},"skip":true},"13":{"name":"(anonymous_13)","line":180,"loc":{"start":{"line":180,"column":75},"end":{"line":183,"column":10}},"skip":true}},"statementMap":{"1":{"start":{"line":12,"column":0},"end":{"line":195,"column":5}},"2":{"start":{"line":14,"column":4},"end":{"line":14,"column":14}},"3":{"start":{"line":19,"column":4},"end":{"line":56,"column":9}},"4":{"start":{"line":21,"column":8},"end":{"line":21,"column":19}},"5":{"start":{"line":23,"column":8},"end":{"line":35,"column":13}},"6":{"start":{"line":24,"column":12},"end":{"line":34,"column":13}},"7":{"start":{"line":25,"column":16},"end":{"line":28,"column":30}},"8":{"start":{"line":30,"column":16},"end":{"line":33,"column":27}},"9":{"start":{"line":37,"column":8},"end":{"line":39,"column":21}},"10":{"start":{"line":40,"column":8},"end":{"line":53,"column":9}},"11":{"start":{"line":43,"column":12},"end":{"line":46,"column":14}},"12":{"start":{"line":47,"column":12},"end":{"line":47,"column":18}},"13":{"start":{"line":50,"column":12},"end":{"line":51,"column":46}},"14":{"start":{"line":52,"column":12},"end":{"line":52,"column":18}},"15":{"start":{"line":55,"column":8},"end":{"line":55,"column":35}},"16":{"start":{"line":61,"column":4},"end":{"line":63,"column":9}},"17":{"start":{"line":62,"column":8},"end":{"line":62,"column":15}},"18":{"start":{"line":64,"column":4},"end":{"line":77,"column":5}},"19":{"start":{"line":70,"column":8},"end":{"line":70,"column":14}},"20":{"start":{"line":76,"column":8},"end":{"line":76,"column":14}},"21":{"start":{"line":82,"column":4},"end":{"line":84,"column":9}},"22":{"start":{"line":83,"column":8},"end":{"line":83,"column":15}},"23":{"start":{"line":85,"column":4},"end":{"line":194,"column":5}},"24":{"start":{"line":91,"column":8},"end":{"line":99,"column":10}},"25":{"start":{"line":98,"column":12},"end":{"line":98,"column":35}},"26":{"start":{"line":102,"column":8},"end":{"line":104,"column":63}},"27":{"start":{"line":105,"column":8},"end":{"line":105,"column":14}},"28":{"start":{"line":112,"column":8},"end":{"line":121,"column":10},"skip":true},"29":{"start":{"line":119,"column":12},"end":{"line":119,"column":55},"skip":true},"30":{"start":{"line":120,"column":12},"end":{"line":120,"column":48},"skip":true},"31":{"start":{"line":123,"column":8},"end":{"line":136,"column":10},"skip":true},"32":{"start":{"line":130,"column":12},"end":{"line":130,"column":76},"skip":true},"33":{"start":{"line":131,"column":12},"end":{"line":131,"column":73},"skip":true},"34":{"start":{"line":132,"column":12},"end":{"line":132,"column":74},"skip":true},"35":{"start":{"line":133,"column":12},"end":{"line":133,"column":79},"skip":true},"36":{"start":{"line":134,"column":12},"end":{"line":134,"column":25},"skip":true},"37":{"start":{"line":135,"column":12},"end":{"line":135,"column":45},"skip":true},"38":{"start":{"line":138,"column":8},"end":{"line":145,"column":14},"skip":true},"39":{"start":{"line":143,"column":16},"end":{"line":143,"column":29},"skip":true},"40":{"start":{"line":144,"column":16},"end":{"line":144,"column":55},"skip":true},"41":{"start":{"line":147,"column":8},"end":{"line":156,"column":10},"skip":true},"42":{"start":{"line":154,"column":12},"end":{"line":154,"column":25},"skip":true},"43":{"start":{"line":155,"column":12},"end":{"line":155,"column":45},"skip":true},"44":{"start":{"line":158,"column":8},"end":{"line":167,"column":10},"skip":true},"45":{"start":{"line":165,"column":12},"end":{"line":165,"column":25},"skip":true},"46":{"start":{"line":166,"column":12},"end":{"line":166,"column":48},"skip":true},"47":{"start":{"line":169,"column":8},"end":{"line":178,"column":10},"skip":true},"48":{"start":{"line":176,"column":12},"end":{"line":176,"column":25},"skip":true},"49":{"start":{"line":177,"column":12},"end":{"line":177,"column":46},"skip":true},"50":{"start":{"line":180,"column":8},"end":{"line":189,"column":10},"skip":true},"51":{"start":{"line":187,"column":12},"end":{"line":187,"column":94},"skip":true},"52":{"start":{"line":188,"column":12},"end":{"line":188,"column":48},"skip":true},"53":{"start":{"line":192,"column":8},"end":{"line":192,"column":35},"skip":true},"54":{"start":{"line":193,"column":8},"end":{"line":193,"column":14},"skip":true}},"branchMap":{"1":{"line":25,"type":"binary-expr","locations":[{"start":{"line":25,"column":23},"end":{"line":25,"column":62}},{"start":{"line":26,"column":20},"end":{"line":26,"column":70}},{"start":{"line":27,"column":20},"end":{"line":27,"column":71}},{"start":{"line":28,"column":20},"end":{"line":28,"column":29}}]},"2":{"line":30,"type":"binary-expr","locations":[{"start":{"line":30,"column":23},"end":{"line":30,"column":37}},{"start":{"line":31,"column":20},"end":{"line":31,"column":61}},{"start":{"line":32,"column":20},"end":{"line":32,"column":70}},{"start":{"line":33,"column":20},"end":{"line":33,"column":26}}]},"3":{"line":37,"type":"cond-expr","locations":[{"start":{"line":38,"column":14},"end":{"line":38,"column":20}},{"start":{"line":39,"column":14},"end":{"line":39,"column":20}}]},"4":{"line":40,"type":"switch","locations":[{"start":{"line":42,"column":8},"end":{"line":47,"column":18}},{"start":{"line":49,"column":8},"end":{"line":52,"column":18}}]},"5":{"line":44,"type":"binary-expr","locations":[{"start":{"line":44,"column":16},"end":{"line":44,"column":44}},{"start":{"line":44,"column":48},"end":{"line":44,"column":66}}]},"6":{"line":50,"type":"binary-expr","locations":[{"start":{"line":50,"column":21},"end":{"line":50,"column":49}},{"start":{"line":50,"column":53},"end":{"line":50,"column":72}}]},"7":{"line":64,"type":"switch","locations":[{"start":{"line":69,"column":4},"end":{"line":70,"column":14}},{"start":{"line":75,"column":4},"end":{"line":76,"column":14}}]},"8":{"line":85,"type":"switch","locations":[{"start":{"line":90,"column":4},"end":{"line":105,"column":14}},{"start":{"line":111,"column":4},"end":{"line":193,"column":14},"skip":true}]},"9":{"line":91,"type":"binary-expr","locations":[{"start":{"line":91,"column":42},"end":{"line":91,"column":73}},{"start":{"line":91,"column":77},"end":{"line":99,"column":9}}]},"10":{"line":102,"type":"binary-expr","locations":[{"start":{"line":102,"column":18},"end":{"line":102,"column":32}},{"start":{"line":103,"column":12},"end":{"line":103,"column":53}},{"start":{"line":104,"column":12},"end":{"line":104,"column":61}}]},"11":{"line":112,"type":"binary-expr","locations":[{"start":{"line":112,"column":45},"end":{"line":112,"column":79},"skip":true},{"start":{"line":112,"column":83},"end":{"line":121,"column":9},"skip":true}]},"12":{"line":123,"type":"binary-expr","locations":[{"start":{"line":123,"column":42},"end":{"line":123,"column":73},"skip":true},{"start":{"line":123,"column":77},"end":{"line":136,"column":9},"skip":true}]},"13":{"line":138,"type":"binary-expr","locations":[{"start":{"line":138,"column":48},"end":{"line":138,"column":85},"skip":true},{"start":{"line":139,"column":12},"end":{"line":145,"column":13},"skip":true}]},"14":{"line":147,"type":"binary-expr","locations":[{"start":{"line":147,"column":42},"end":{"line":147,"column":73},"skip":true},{"start":{"line":147,"column":77},"end":{"line":156,"column":9},"skip":true}]},"15":{"line":158,"type":"binary-expr","locations":[{"start":{"line":158,"column":45},"end":{"line":158,"column":79},"skip":true},{"start":{"line":158,"column":83},"end":{"line":167,"column":9},"skip":true}]},"16":{"line":169,"type":"binary-expr","locations":[{"start":{"line":169,"column":43},"end":{"line":169,"column":75},"skip":true},{"start":{"line":169,"column":79},"end":{"line":178,"column":9},"skip":true}]},"17":{"line":180,"type":"binary-expr","locations":[{"start":{"line":180,"column":41},"end":{"line":180,"column":71},"skip":true},{"start":{"line":180,"column":75},"end":{"line":189,"column":9},"skip":true}]}},"code":["/* istanbul instrument in package npmtest_dot */","/*jslint","    bitwise: true,","    browser: true,","    maxerr: 8,","    maxlen: 96,","    node: true,","    nomen: true,","    regexp: true,","    stupid: true","*/","(function () {","    'use strict';","    var local;","","","","    // run shared js-env code - pre-init","    (function () {","        // init local","        local = {};","        // init modeJs","        local.modeJs = (function () {","            try {","                return typeof navigator.userAgent === 'string' &&","                    typeof document.querySelector('body') === 'object' &&","                    typeof XMLHttpRequest.prototype.open === 'function' &&","                    'browser';","            } catch (errorCaughtBrowser) {","                return module.exports &&","                    typeof process.versions.node === 'string' &&","                    typeof require('http').createServer === 'function' &&","                    'node';","            }","        }());","        // init global","        local.global = local.modeJs === 'browser'","            ? window","            : global;","        switch (local.modeJs) {","        // re-init local from window.local","        case 'browser':","            local = local.global.utility2.objectSetDefault(","                local.global.utility2_rollup || local.global.local,","                local.global.utility2","            );","            break;","        // re-init local from example.js","        case 'node':","            local = (local.global.utility2_rollup || require('utility2'))","                .requireExampleJsFromReadme();","            break;","        }","        // export local","        local.global.local = local;","    }());","","","","    // run shared js-env code - function","    (function () {","        return;","    }());","    switch (local.modeJs) {","","","","    // run browser js-env code - function","    case 'browser':","        break;","","","","    // run node js-env code - function","    case 'node':","        break;","    }","","","","    // run shared js-env code - post-init","    (function () {","        return;","    }());","    switch (local.modeJs) {","","","","    // run browser js-env code - post-init","    case 'browser':","        local.testCase_browser_nullCase = local.testCase_browser_nullCase || function (","            options,","            onError","        ) {","        /*","         * this function will test browsers's null-case handling-behavior-behavior","         */","            onError(null, options);","        };","","        // run tests","        local.nop(local.modeTest &&","            document.querySelector('#testRunButton1') &&","            document.querySelector('#testRunButton1').click());","        break;","","","","    // run node js-env code - post-init","    /* istanbul ignore next */","    case 'node':","        local.testCase_buildApidoc_default = local.testCase_buildApidoc_default || function (","            options,","            onError","        ) {","        /*","         * this function will test buildApidoc's default handling-behavior-behavior","         */","            options = { modulePathList: module.paths };","            local.buildApidoc(options, onError);","        };","","        local.testCase_buildApp_default = local.testCase_buildApp_default || function (","            options,","            onError","        ) {","        /*","         * this function will test buildApp's default handling-behavior-behavior","         */","            local.testCase_buildReadme_default(options, local.onErrorThrow);","            local.testCase_buildLib_default(options, local.onErrorThrow);","            local.testCase_buildTest_default(options, local.onErrorThrow);","            local.testCase_buildCustomOrg_default(options, local.onErrorThrow);","            options = [];","            local.buildApp(options, onError);","        };","","        local.testCase_buildCustomOrg_default = local.testCase_buildCustomOrg_default ||","            function (options, onError) {","            /*","             * this function will test buildCustomOrg's default handling-behavior","             */","                options = {};","                local.buildCustomOrg(options, onError);","            };","","        local.testCase_buildLib_default = local.testCase_buildLib_default || function (","            options,","            onError","        ) {","        /*","         * this function will test buildLib's default handling-behavior","         */","            options = {};","            local.buildLib(options, onError);","        };","","        local.testCase_buildReadme_default = local.testCase_buildReadme_default || function (","            options,","            onError","        ) {","        /*","         * this function will test buildReadme's default handling-behavior-behavior","         */","            options = {};","            local.buildReadme(options, onError);","        };","","        local.testCase_buildTest_default = local.testCase_buildTest_default || function (","            options,","            onError","        ) {","        /*","         * this function will test buildTest's default handling-behavior","         */","            options = {};","            local.buildTest(options, onError);","        };","","        local.testCase_webpage_default = local.testCase_webpage_default || function (","            options,","            onError","        ) {","        /*","         * this function will test webpage's default handling-behavior","         */","            options = { modeCoverageMerge: true, url: local.serverLocalHost + '?modeTest=1' };","            local.browserTest(options, onError);","        };","","        // run test-server","        local.testRunServer(local);","        break;","    }","}());",""],"l":{"12":1,"14":1,"19":1,"21":1,"23":1,"24":1,"25":1,"30":1,"37":1,"40":1,"43":0,"47":0,"50":1,"52":1,"55":1,"61":1,"62":1,"64":1,"70":0,"76":1,"82":1,"83":1,"85":1,"91":0,"98":0,"102":0,"105":0,"112":1,"119":1,"120":1,"123":1,"130":1,"131":1,"132":1,"133":1,"134":1,"135":1,"138":1,"143":2,"144":2,"147":1,"154":2,"155":2,"158":1,"165":2,"166":2,"169":1,"176":2,"177":2,"180":1,"187":1,"188":1,"192":1,"193":1}},"/home/travis/build/npmtest/node-npmtest-dot/lib.npmtest_dot.js":{"path":"/home/travis/build/npmtest/node-npmtest-dot/lib.npmtest_dot.js","s":{"1":1,"2":1,"3":1,"4":1,"5":1,"6":1,"7":1,"8":1,"9":1,"10":1,"11":1,"12":1,"13":0,"14":1,"15":1,"16":1},"b":{"1":[1,0,0,0],"2":[1,1,1,1],"3":[0,1],"4":[1,1],"5":[0,1]},"f":{"1":1,"2":1,"3":1},"fnMap":{"1":{"name":"(anonymous_1)","line":12,"loc":{"start":{"line":12,"column":1},"end":{"line":12,"column":13}}},"2":{"name":"(anonymous_2)","line":19,"loc":{"start":{"line":19,"column":5},"end":{"line":19,"column":17}}},"3":{"name":"(anonymous_3)","line":23,"loc":{"start":{"line":23,"column":24},"end":{"line":23,"column":36}}}},"statementMap":{"1":{"start":{"line":12,"column":0},"end":{"line":53,"column":5}},"2":{"start":{"line":14,"column":4},"end":{"line":14,"column":14}},"3":{"start":{"line":19,"column":4},"end":{"line":52,"column":9}},"4":{"start":{"line":21,"column":8},"end":{"line":21,"column":19}},"5":{"start":{"line":23,"column":8},"end":{"line":35,"column":13}},"6":{"start":{"line":24,"column":12},"end":{"line":34,"column":13}},"7":{"start":{"line":25,"column":16},"end":{"line":28,"column":30}},"8":{"start":{"line":30,"column":16},"end":{"line":33,"column":27}},"9":{"start":{"line":37,"column":8},"end":{"line":39,"column":21}},"10":{"start":{"line":41,"column":8},"end":{"line":41,"column":54}},"11":{"start":{"line":43,"column":8},"end":{"line":43,"column":48}},"12":{"start":{"line":45,"column":8},"end":{"line":51,"column":9}},"13":{"start":{"line":46,"column":12},"end":{"line":46,"column":54}},"14":{"start":{"line":48,"column":12},"end":{"line":48,"column":35}},"15":{"start":{"line":49,"column":12},"end":{"line":49,"column":49}},"16":{"start":{"line":50,"column":12},"end":{"line":50,"column":43}}},"branchMap":{"1":{"line":25,"type":"binary-expr","locations":[{"start":{"line":25,"column":23},"end":{"line":25,"column":62}},{"start":{"line":26,"column":20},"end":{"line":26,"column":70}},{"start":{"line":27,"column":20},"end":{"line":27,"column":71}},{"start":{"line":28,"column":20},"end":{"line":28,"column":29}}]},"2":{"line":30,"type":"binary-expr","locations":[{"start":{"line":30,"column":23},"end":{"line":30,"column":37}},{"start":{"line":31,"column":20},"end":{"line":31,"column":61}},{"start":{"line":32,"column":20},"end":{"line":32,"column":70}},{"start":{"line":33,"column":20},"end":{"line":33,"column":26}}]},"3":{"line":37,"type":"cond-expr","locations":[{"start":{"line":38,"column":14},"end":{"line":38,"column":20}},{"start":{"line":39,"column":14},"end":{"line":39,"column":20}}]},"4":{"line":41,"type":"binary-expr","locations":[{"start":{"line":41,"column":16},"end":{"line":41,"column":44}},{"start":{"line":41,"column":48},"end":{"line":41,"column":53}}]},"5":{"line":45,"type":"if","locations":[{"start":{"line":45,"column":8},"end":{"line":45,"column":8}},{"start":{"line":45,"column":8},"end":{"line":45,"column":8}}]}},"code":["/* istanbul instrument in package npmtest_dot */","/*jslint","    bitwise: true,","    browser: true,","    maxerr: 8,","    maxlen: 96,","    node: true,","    nomen: true,","    regexp: true,","    stupid: true","*/","(function () {","    'use strict';","    var local;","","","","    // run shared js-env code - pre-init","    (function () {","        // init local","        local = {};","        // init modeJs","        local.modeJs = (function () {","            try {","                return typeof navigator.userAgent === 'string' &&","                    typeof document.querySelector('body') === 'object' &&","                    typeof XMLHttpRequest.prototype.open === 'function' &&","                    'browser';","            } catch (errorCaughtBrowser) {","                return module.exports &&","                    typeof process.versions.node === 'string' &&","                    typeof require('http').createServer === 'function' &&","                    'node';","            }","        }());","        // init global","        local.global = local.modeJs === 'browser'","            ? window","            : global;","        // init utility2_rollup","        local = local.global.utility2_rollup || local;","        // init lib","        local.local = local.npmtest_dot = local;","        // init exports","        if (local.modeJs === 'browser') {","            local.global.utility2_npmtest_dot = local;","        } else {","            module.exports = local;","            module.exports.__dirname = __dirname;","            module.exports.module = module;","        }","    }());","}());",""],"l":{"12":1,"14":1,"19":1,"21":1,"23":1,"24":1,"25":1,"30":1,"37":1,"41":1,"43":1,"45":1,"46":0,"48":1,"49":1,"50":1}},"/home/travis/build/npmtest/node-npmtest-dot/example.js":{"path":"/home/travis/build/npmtest/node-npmtest-dot/example.js","s":{"1":1,"2":1,"3":1,"4":1,"5":1,"6":1,"7":1,"8":1,"9":1,"10":1,"11":1,"12":1,"13":0,"14":0,"15":0,"16":0,"17":0,"18":0,"19":0,"20":0,"21":0,"22":0,"23":0,"24":0,"25":0,"26":0,"27":0,"28":0,"29":0,"30":0,"31":0,"32":0,"33":0,"34":0,"35":0,"36":0,"37":0,"38":0,"39":0,"40":0,"41":0,"42":0,"43":0,"44":0,"45":0,"46":0,"47":0,"48":0,"49":0,"50":1,"51":1,"52":1,"53":1,"54":1,"55":1,"56":1,"57":0,"58":1,"59":6,"60":6,"61":1,"62":2,"63":0,"64":2,"65":1,"66":1,"67":0,"68":0,"69":0,"70":0,"71":0,"72":0,"73":0,"74":0,"75":0,"76":0,"77":0,"78":0,"79":0,"80":0,"81":0,"82":0,"83":0},"b":{"1":[1,0,0,0],"2":[1,1,1,1],"3":[0,1],"4":[1,1],"5":[0,1],"6":[0,1],"7":[0,0],"8":[0,0,0,0,0,0],"9":[0,0,0],"10":[0,0],"11":[0,0,0],"12":[0,0],"13":[0,0],"14":[0,0,0,0,0,0,0],"15":[0,0],"16":[0,0],"17":[1,1],"18":[0,1],"19":[1,2,0,2],"20":[1,0],"21":[1,1],"22":[0,0],"23":[0,0],"24":[0,0],"25":[0,0],"26":[0,0],"27":[0,0],"28":[0,0]},"f":{"1":1,"2":1,"3":1,"4":0,"5":0,"6":0,"7":0,"8":0,"9":0,"10":0,"11":6,"12":0},"fnMap":{"1":{"name":"(anonymous_1)","line":26,"loc":{"start":{"line":26,"column":1},"end":{"line":26,"column":13}}},"2":{"name":"(anonymous_2)","line":33,"loc":{"start":{"line":33,"column":5},"end":{"line":33,"column":17}}},"3":{"name":"(anonymous_3)","line":37,"loc":{"start":{"line":37,"column":24},"end":{"line":37,"column":36}}},"4":{"name":"(anonymous_4)","line":69,"loc":{"start":{"line":69,"column":31},"end":{"line":69,"column":48}},"skip":true},"5":{"name":"(anonymous_5)","line":78,"loc":{"start":{"line":78,"column":26},"end":{"line":78,"column":45}},"skip":true},"6":{"name":"(anonymous_6)","line":123,"loc":{"start":{"line":123,"column":33},"end":{"line":123,"column":48}},"skip":true},"7":{"name":"(anonymous_7)","line":125,"loc":{"start":{"line":125,"column":27},"end":{"line":125,"column":39}},"skip":true},"8":{"name":"(anonymous_8)","line":133,"loc":{"start":{"line":133,"column":59},"end":{"line":133,"column":74}},"skip":true},"9":{"name":"(anonymous_9)","line":143,"loc":{"start":{"line":143,"column":45},"end":{"line":143,"column":62}},"skip":true},"10":{"name":"(anonymous_10)","line":144,"loc":{"start":{"line":144,"column":73},"end":{"line":144,"column":92}},"skip":true},"11":{"name":"(anonymous_11)","line":272,"loc":{"start":{"line":272,"column":51},"end":{"line":272,"column":77}},"skip":true},"12":{"name":"(anonymous_12)","line":315,"loc":{"start":{"line":315,"column":32},"end":{"line":315,"column":61}},"skip":true}},"statementMap":{"1":{"start":{"line":26,"column":0},"end":{"line":326,"column":5}},"2":{"start":{"line":28,"column":4},"end":{"line":28,"column":14}},"3":{"start":{"line":33,"column":4},"end":{"line":60,"column":9}},"4":{"start":{"line":35,"column":8},"end":{"line":35,"column":19}},"5":{"start":{"line":37,"column":8},"end":{"line":49,"column":13}},"6":{"start":{"line":38,"column":12},"end":{"line":48,"column":13}},"7":{"start":{"line":39,"column":16},"end":{"line":42,"column":30}},"8":{"start":{"line":44,"column":16},"end":{"line":47,"column":27}},"9":{"start":{"line":51,"column":8},"end":{"line":53,"column":21}},"10":{"start":{"line":55,"column":8},"end":{"line":57,"column":45}},"11":{"start":{"line":59,"column":8},"end":{"line":59,"column":35}},"12":{"start":{"line":61,"column":4},"end":{"line":325,"column":5}},"13":{"start":{"line":69,"column":8},"end":{"line":121,"column":10},"skip":true},"14":{"start":{"line":70,"column":12},"end":{"line":88,"column":13},"skip":true},"15":{"start":{"line":76,"column":16},"end":{"line":87,"column":19},"skip":true},"16":{"start":{"line":79,"column":20},"end":{"line":86,"column":21},"skip":true},"17":{"start":{"line":82,"column":24},"end":{"line":82,"column":43},"skip":true},"18":{"start":{"line":83,"column":24},"end":{"line":83,"column":30},"skip":true},"19":{"start":{"line":85,"column":24},"end":{"line":85,"column":49},"skip":true},"20":{"start":{"line":89,"column":12},"end":{"line":107,"column":13},"skip":true},"21":{"start":{"line":92,"column":16},"end":{"line":102,"column":17},"skip":true},"22":{"start":{"line":93,"column":20},"end":{"line":93,"column":86},"skip":true},"23":{"start":{"line":94,"column":20},"end":{"line":95,"column":45},"skip":true},"24":{"start":{"line":96,"column":20},"end":{"line":96,"column":42},"skip":true},"25":{"start":{"line":97,"column":20},"end":{"line":97,"column":48},"skip":true},"26":{"start":{"line":100,"column":20},"end":{"line":100,"column":85},"skip":true},"27":{"start":{"line":101,"column":20},"end":{"line":101,"column":96},"skip":true},"28":{"start":{"line":103,"column":16},"end":{"line":103,"column":22},"skip":true},"29":{"start":{"line":106,"column":16},"end":{"line":106,"column":22},"skip":true},"30":{"start":{"line":108,"column":12},"end":{"line":120,"column":13},"skip":true},"31":{"start":{"line":114,"column":16},"end":{"line":119,"column":17},"skip":true},"32":{"start":{"line":116,"column":20},"end":{"line":116,"column":78},"skip":true},"33":{"start":{"line":118,"column":20},"end":{"line":118,"column":47},"skip":true},"34":{"start":{"line":123,"column":8},"end":{"line":141,"column":11},"skip":true},"35":{"start":{"line":124,"column":12},"end":{"line":124,"column":54},"skip":true},"36":{"start":{"line":125,"column":12},"end":{"line":140,"column":14},"skip":true},"37":{"start":{"line":126,"column":16},"end":{"line":126,"column":28},"skip":true},"38":{"start":{"line":127,"column":16},"end":{"line":127,"column":69},"skip":true},"39":{"start":{"line":128,"column":16},"end":{"line":128,"column":75},"skip":true},"40":{"start":{"line":129,"column":16},"end":{"line":131,"column":17},"skip":true},"41":{"start":{"line":130,"column":20},"end":{"line":130,"column":27},"skip":true},"42":{"start":{"line":133,"column":16},"end":{"line":137,"column":36},"skip":true},"43":{"start":{"line":134,"column":20},"end":{"line":136,"column":55},"skip":true},"44":{"start":{"line":139,"column":16},"end":{"line":139,"column":57},"skip":true},"45":{"start":{"line":143,"column":8},"end":{"line":147,"column":11},"skip":true},"46":{"start":{"line":144,"column":12},"end":{"line":146,"column":15},"skip":true},"47":{"start":{"line":145,"column":16},"end":{"line":145,"column":70},"skip":true},"48":{"start":{"line":149,"column":8},"end":{"line":149,"column":31},"skip":true},"49":{"start":{"line":150,"column":8},"end":{"line":150,"column":14},"skip":true},"50":{"start":{"line":158,"column":8},"end":{"line":158,"column":31},"skip":true},"51":{"start":{"line":160,"column":8},"end":{"line":160,"column":33},"skip":true},"52":{"start":{"line":161,"column":8},"end":{"line":161,"column":37},"skip":true},"53":{"start":{"line":162,"column":8},"end":{"line":162,"column":35},"skip":true},"54":{"start":{"line":164,"column":8},"end":{"line":164,"column":50},"skip":true},"55":{"start":{"line":166,"column":8},"end":{"line":256,"column":2},"skip":true},"56":{"start":{"line":258,"column":8},"end":{"line":286,"column":9},"skip":true},"57":{"start":{"line":259,"column":12},"end":{"line":269,"column":14},"skip":true},"58":{"start":{"line":271,"column":12},"end":{"line":285,"column":19},"skip":true},"59":{"start":{"line":274,"column":20},"end":{"line":274,"column":35},"skip":true},"60":{"start":{"line":275,"column":20},"end":{"line":284,"column":21},"skip":true},"61":{"start":{"line":277,"column":24},"end":{"line":277,"column":64},"skip":true},"62":{"start":{"line":279,"column":24},"end":{"line":279,"column":40},"skip":true},"63":{"start":{"line":281,"column":24},"end":{"line":281,"column":40},"skip":true},"64":{"start":{"line":283,"column":24},"end":{"line":283,"column":39},"skip":true},"65":{"start":{"line":288,"column":8},"end":{"line":290,"column":9},"skip":true},"66":{"start":{"line":289,"column":12},"end":{"line":289,"column":18},"skip":true},"67":{"start":{"line":291,"column":8},"end":{"line":293,"column":54},"skip":true},"68":{"start":{"line":296,"column":8},"end":{"line":301,"column":37},"skip":true},"69":{"start":{"line":303,"column":8},"end":{"line":303,"column":82},"skip":true},"70":{"start":{"line":306,"column":8},"end":{"line":308,"column":9},"skip":true},"71":{"start":{"line":307,"column":12},"end":{"line":307,"column":82},"skip":true},"72":{"start":{"line":310,"column":8},"end":{"line":312,"column":9},"skip":true},"73":{"start":{"line":311,"column":12},"end":{"line":311,"column":18},"skip":true},"74":{"start":{"line":313,"column":8},"end":{"line":313,"column":54},"skip":true},"75":{"start":{"line":314,"column":8},"end":{"line":314,"column":69},"skip":true},"76":{"start":{"line":315,"column":8},"end":{"line":323,"column":36},"skip":true},"77":{"start":{"line":316,"column":12},"end":{"line":316,"column":61},"skip":true},"78":{"start":{"line":317,"column":12},"end":{"line":320,"column":13},"skip":true},"79":{"start":{"line":318,"column":16},"end":{"line":318,"column":75},"skip":true},"80":{"start":{"line":319,"column":16},"end":{"line":319,"column":23},"skip":true},"81":{"start":{"line":321,"column":12},"end":{"line":321,"column":38},"skip":true},"82":{"start":{"line":322,"column":12},"end":{"line":322,"column":27},"skip":true},"83":{"start":{"line":324,"column":8},"end":{"line":324,"column":14},"skip":true}},"branchMap":{"1":{"line":39,"type":"binary-expr","locations":[{"start":{"line":39,"column":23},"end":{"line":39,"column":62}},{"start":{"line":40,"column":20},"end":{"line":40,"column":70}},{"start":{"line":41,"column":20},"end":{"line":41,"column":71}},{"start":{"line":42,"column":20},"end":{"line":42,"column":29}}]},"2":{"line":44,"type":"binary-expr","locations":[{"start":{"line":44,"column":23},"end":{"line":44,"column":37}},{"start":{"line":45,"column":20},"end":{"line":45,"column":61}},{"start":{"line":46,"column":20},"end":{"line":46,"column":70}},{"start":{"line":47,"column":20},"end":{"line":47,"column":26}}]},"3":{"line":51,"type":"cond-expr","locations":[{"start":{"line":52,"column":14},"end":{"line":52,"column":20}},{"start":{"line":53,"column":14},"end":{"line":53,"column":20}}]},"4":{"line":55,"type":"binary-expr","locations":[{"start":{"line":55,"column":16},"end":{"line":55,"column":44}},{"start":{"line":55,"column":49},"end":{"line":57,"column":43}}]},"5":{"line":55,"type":"cond-expr","locations":[{"start":{"line":56,"column":14},"end":{"line":56,"column":47}},{"start":{"line":57,"column":14},"end":{"line":57,"column":43}}]},"6":{"line":61,"type":"switch","locations":[{"start":{"line":68,"column":4},"end":{"line":150,"column":14},"skip":true},{"start":{"line":156,"column":4},"end":{"line":324,"column":14},"skip":true}]},"7":{"line":70,"type":"if","locations":[{"start":{"line":70,"column":12},"end":{"line":70,"column":12},"skip":true},{"start":{"line":70,"column":12},"end":{"line":70,"column":12},"skip":true}]},"8":{"line":70,"type":"binary-expr","locations":[{"start":{"line":70,"column":16},"end":{"line":70,"column":22},"skip":true},{"start":{"line":70,"column":27},"end":{"line":70,"column":32},"skip":true},{"start":{"line":71,"column":20},"end":{"line":71,"column":39},"skip":true},{"start":{"line":72,"column":20},"end":{"line":72,"column":49},"skip":true},{"start":{"line":73,"column":20},"end":{"line":73,"column":58},"skip":true},{"start":{"line":74,"column":20},"end":{"line":74,"column":69},"skip":true}]},"9":{"line":79,"type":"switch","locations":[{"start":{"line":80,"column":20},"end":{"line":80,"column":33},"skip":true},{"start":{"line":81,"column":20},"end":{"line":83,"column":30},"skip":true},{"start":{"line":84,"column":20},"end":{"line":85,"column":49},"skip":true}]},"10":{"line":89,"type":"switch","locations":[{"start":{"line":90,"column":12},"end":{"line":103,"column":22},"skip":true},{"start":{"line":105,"column":12},"end":{"line":106,"column":22},"skip":true}]},"11":{"line":89,"type":"binary-expr","locations":[{"start":{"line":89,"column":20},"end":{"line":89,"column":25},"skip":true},{"start":{"line":89,"column":29},"end":{"line":89,"column":48},"skip":true},{"start":{"line":89,"column":52},"end":{"line":89,"column":74},"skip":true}]},"12":{"line":92,"type":"if","locations":[{"start":{"line":92,"column":16},"end":{"line":92,"column":16},"skip":true},{"start":{"line":92,"column":16},"end":{"line":92,"column":16},"skip":true}]},"13":{"line":108,"type":"if","locations":[{"start":{"line":108,"column":12},"end":{"line":108,"column":12},"skip":true},{"start":{"line":108,"column":12},"end":{"line":108,"column":12},"skip":true}]},"14":{"line":108,"type":"binary-expr","locations":[{"start":{"line":108,"column":16},"end":{"line":108,"column":61},"skip":true},{"start":{"line":108,"column":66},"end":{"line":108,"column":72},"skip":true},{"start":{"line":108,"column":77},"end":{"line":108,"column":82},"skip":true},{"start":{"line":109,"column":20},"end":{"line":109,"column":39},"skip":true},{"start":{"line":110,"column":20},"end":{"line":110,"column":49},"skip":true},{"start":{"line":111,"column":20},"end":{"line":111,"column":58},"skip":true},{"start":{"line":112,"column":20},"end":{"line":112,"column":68},"skip":true}]},"15":{"line":129,"type":"if","locations":[{"start":{"line":129,"column":16},"end":{"line":129,"column":16},"skip":true},{"start":{"line":129,"column":16},"end":{"line":129,"column":16},"skip":true}]},"16":{"line":134,"type":"cond-expr","locations":[{"start":{"line":135,"column":26},"end":{"line":135,"column":29},"skip":true},{"start":{"line":136,"column":26},"end":{"line":136,"column":54},"skip":true}]},"17":{"line":164,"type":"binary-expr","locations":[{"start":{"line":164,"column":27},"end":{"line":164,"column":43},"skip":true},{"start":{"line":164,"column":47},"end":{"line":164,"column":49},"skip":true}]},"18":{"line":258,"type":"if","locations":[{"start":{"line":258,"column":8},"end":{"line":258,"column":8},"skip":true},{"start":{"line":258,"column":8},"end":{"line":258,"column":8},"skip":true}]},"19":{"line":275,"type":"switch","locations":[{"start":{"line":276,"column":20},"end":{"line":277,"column":64},"skip":true},{"start":{"line":278,"column":20},"end":{"line":279,"column":40},"skip":true},{"start":{"line":280,"column":20},"end":{"line":281,"column":40},"skip":true},{"start":{"line":282,"column":20},"end":{"line":283,"column":39},"skip":true}]},"20":{"line":288,"type":"if","locations":[{"start":{"line":288,"column":8},"end":{"line":288,"column":8},"skip":true},{"start":{"line":288,"column":8},"end":{"line":288,"column":8},"skip":true}]},"21":{"line":288,"type":"binary-expr","locations":[{"start":{"line":288,"column":12},"end":{"line":288,"column":40},"skip":true},{"start":{"line":288,"column":44},"end":{"line":288,"column":67},"skip":true}]},"22":{"line":292,"type":"binary-expr","locations":[{"start":{"line":292,"column":12},"end":{"line":292,"column":50},"skip":true},{"start":{"line":293,"column":12},"end":{"line":293,"column":53},"skip":true}]},"23":{"line":297,"type":"binary-expr","locations":[{"start":{"line":297,"column":12},"end":{"line":297,"column":61},"skip":true},{"start":{"line":298,"column":12},"end":{"line":301,"column":36},"skip":true}]},"24":{"line":303,"type":"binary-expr","locations":[{"start":{"line":303,"column":43},"end":{"line":303,"column":75},"skip":true},{"start":{"line":303,"column":79},"end":{"line":303,"column":81},"skip":true}]},"25":{"line":306,"type":"if","locations":[{"start":{"line":306,"column":8},"end":{"line":306,"column":8},"skip":true},{"start":{"line":306,"column":8},"end":{"line":306,"column":8},"skip":true}]},"26":{"line":310,"type":"if","locations":[{"start":{"line":310,"column":8},"end":{"line":310,"column":8},"skip":true},{"start":{"line":310,"column":8},"end":{"line":310,"column":8},"skip":true}]},"27":{"line":313,"type":"binary-expr","locations":[{"start":{"line":313,"column":27},"end":{"line":313,"column":43},"skip":true},{"start":{"line":313,"column":47},"end":{"line":313,"column":53},"skip":true}]},"28":{"line":317,"type":"if","locations":[{"start":{"line":317,"column":12},"end":{"line":317,"column":12},"skip":true},{"start":{"line":317,"column":12},"end":{"line":317,"column":12},"skip":true}]}},"code":["/*","example.js","","quickstart example","","instruction","    1. save this script as example.js","    2. run the shell command:","        $ npm install npmtest-dot && PORT=8081 node example.js","    3. play with the browser-demo on http://127.0.0.1:8081","*/","","","","/* istanbul instrument in package npmtest_dot */","/*jslint","    bitwise: true,","    browser: true,","    maxerr: 8,","    maxlen: 96,","    node: true,","    nomen: true,","    regexp: true,","    stupid: true","*/","(function () {","    'use strict';","    var local;","","","","    // run shared js-env code - pre-init","    (function () {","        // init local","        local = {};","        // init modeJs","        local.modeJs = (function () {","            try {","                return typeof navigator.userAgent === 'string' &&","                    typeof document.querySelector('body') === 'object' &&","                    typeof XMLHttpRequest.prototype.open === 'function' &&","                    'browser';","            } catch (errorCaughtBrowser) {","                return module.exports &&","                    typeof process.versions.node === 'string' &&","                    typeof require('http').createServer === 'function' &&","                    'node';","            }","        }());","        // init global","        local.global = local.modeJs === 'browser'","            ? window","            : global;","        // init utility2_rollup","        local = local.global.utility2_rollup || (local.modeJs === 'browser'","            ? local.global.utility2_npmtest_dot","            : global.utility2_moduleExports);","        // export local","        local.global.local = local;","    }());","    switch (local.modeJs) {","","","","    // post-init","    // run browser js-env code - post-init","    /* istanbul ignore next */","    case 'browser':","        local.testRunBrowser = function (event) {","            if (!event || (event &&","                    event.currentTarget &&","                    event.currentTarget.className &&","                    event.currentTarget.className.includes &&","                    event.currentTarget.className.includes('onreset'))) {","                // reset output","                Array.from(","                    document.querySelectorAll('body > .resettable')","                ).forEach(function (element) {","                    switch (element.tagName) {","                    case 'INPUT':","                    case 'TEXTAREA':","                        element.value = '';","                        break;","                    default:","                        element.textContent = '';","                    }","                });","            }","            switch (event && event.currentTarget && event.currentTarget.id) {","            case 'testRunButton1':","                // show tests","                if (document.querySelector('#testReportDiv1').style.display === 'none') {","                    document.querySelector('#testReportDiv1').style.display = 'block';","                    document.querySelector('#testRunButton1').textContent =","                        'hide internal test';","                    local.modeTest = true;","                    local.testRunDefault(local);","                // hide tests","                } else {","                    document.querySelector('#testReportDiv1').style.display = 'none';","                    document.querySelector('#testRunButton1').textContent = 'run internal test';","                }","                break;","            // custom-case","            default:","                break;","            }","            if (document.querySelector('#inputTextareaEval1') && (!event || (event &&","                    event.currentTarget &&","                    event.currentTarget.className &&","                    event.currentTarget.className.includes &&","                    event.currentTarget.className.includes('oneval')))) {","                // try to eval input-code","                try {","                    /*jslint evil: true*/","                    eval(document.querySelector('#inputTextareaEval1').value);","                } catch (errorCaught) {","                    console.error(errorCaught);","                }","            }","        };","        // log stderr and stdout to #outputTextareaStdout1","        ['error', 'log'].forEach(function (key) {","            console[key + '_original'] = console[key];","            console[key] = function () {","                var element;","                console[key + '_original'].apply(console, arguments);","                element = document.querySelector('#outputTextareaStdout1');","                if (!element) {","                    return;","                }","                // append text to #outputTextareaStdout1","                element.value += Array.from(arguments).map(function (arg) {","                    return typeof arg === 'string'","                        ? arg","                        : JSON.stringify(arg, null, 4);","                }).join(' ') + '\\n';","                // scroll textarea to bottom","                element.scrollTop = element.scrollHeight;","            };","        });","        // init event-handling","        ['change', 'click', 'keyup'].forEach(function (event) {","            Array.from(document.querySelectorAll('.on' + event)).forEach(function (element) {","                element.addEventListener(event, local.testRunBrowser);","            });","        });","        // run tests","        local.testRunBrowser();","        break;","","","","    // run node js-env code - post-init","    /* istanbul ignore next */","    case 'node':","        // export local","        module.exports = local;","        // require modules","        local.fs = require('fs');","        local.http = require('http');","        local.url = require('url');","        // init assets","        local.assetsDict = local.assetsDict || {};","        /* jslint-ignore-begin */","        local.assetsDict['/assets.index.template.html'] = '\\","<!doctype html>\\n\\","<html lang=\"en\">\\n\\","<head>\\n\\","<meta charset=\"UTF-8\">\\n\\","<meta name=\"viewport\" content=\"width=device-width, initial-scale=1\">\\n\\","<title>{{env.npm_package_name}} (v{{env.npm_package_version}})</title>\\n\\","<style>\\n\\","/*csslint\\n\\","    box-sizing: false,\\n\\","    universal-selector: false\\n\\","*/\\n\\","* {\\n\\","    box-sizing: border-box;\\n\\","}\\n\\","body {\\n\\","    background: #dde;\\n\\","    font-family: Arial, Helvetica, sans-serif;\\n\\","    margin: 2rem;\\n\\","}\\n\\","body > * {\\n\\","    margin-bottom: 1rem;\\n\\","}\\n\\",".utility2FooterDiv {\\n\\","    margin-top: 20px;\\n\\","    text-align: center;\\n\\","}\\n\\","</style>\\n\\","<style>\\n\\","/*csslint\\n\\","*/\\n\\","textarea {\\n\\","    font-family: monospace;\\n\\","    height: 10rem;\\n\\","    width: 100%;\\n\\","}\\n\\","textarea[readonly] {\\n\\","    background: #ddd;\\n\\","}\\n\\","</style>\\n\\","</head>\\n\\","<body>\\n\\","<!-- utility2-comment\\n\\","<div id=\"ajaxProgressDiv1\" style=\"background: #d00; height: 2px; left: 0; margin: 0; padding: 0; position: fixed; top: 0; transition: background 0.5s, width 1.5s; width: 25%;\"></div>\\n\\","utility2-comment -->\\n\\","<h1>\\n\\","<!-- utility2-comment\\n\\","    <a\\n\\","        {{#if env.npm_package_homepage}}\\n\\","        href=\"{{env.npm_package_homepage}}\"\\n\\","        {{/if env.npm_package_homepage}}\\n\\","        target=\"_blank\"\\n\\","    >\\n\\","utility2-comment -->\\n\\","        {{env.npm_package_name}} (v{{env.npm_package_version}})\\n\\","<!-- utility2-comment\\n\\","    </a>\\n\\","utility2-comment -->\\n\\","</h1>\\n\\","<h3>{{env.npm_package_description}}</h3>\\n\\","<!-- utility2-comment\\n\\","<h4><a download href=\"assets.app.js\">download standalone app</a></h4>\\n\\","<button class=\"onclick onreset\" id=\"testRunButton1\">run internal test</button><br>\\n\\","<div id=\"testReportDiv1\" style=\"display: none;\"></div>\\n\\","utility2-comment -->\\n\\","\\n\\","\\n\\","\\n\\","<label>stderr and stdout</label>\\n\\","<textarea class=\"resettable\" id=\"outputTextareaStdout1\" readonly></textarea>\\n\\","<!-- utility2-comment\\n\\","{{#if isRollup}}\\n\\","<script src=\"assets.app.js\"></script>\\n\\","{{#unless isRollup}}\\n\\","utility2-comment -->\\n\\","<script src=\"assets.utility2.rollup.js\"></script>\\n\\","<script src=\"jsonp.utility2._stateInit?callback=window.utility2._stateInit\"></script>\\n\\","<script src=\"assets.npmtest_dot.rollup.js\"></script>\\n\\","<script src=\"assets.example.js\"></script>\\n\\","<script src=\"assets.test.js\"></script>\\n\\","<!-- utility2-comment\\n\\","{{/if isRollup}}\\n\\","utility2-comment -->\\n\\","<div class=\"utility2FooterDiv\">\\n\\","    [ this app was created with\\n\\","    <a href=\"https://github.com/kaizhu256/node-utility2\" target=\"_blank\">utility2</a>\\n\\","    ]\\n\\","</div>\\n\\","</body>\\n\\","</html>\\n\\","';","        /* jslint-ignore-end */","        if (local.templateRender) {","            local.assetsDict['/'] = local.templateRender(","                local.assetsDict['/assets.index.template.html'],","                {","                    env: local.objectSetDefault(local.env, {","                        npm_package_description: 'the greatest app in the world!',","                        npm_package_name: 'my-app',","                        npm_package_nameAlias: 'my_app',","                        npm_package_version: '0.0.1'","                    })","                }","            );","        } else {","            local.assetsDict['/'] = local.assetsDict['/assets.index.template.html']","                .replace((/\\{\\{env\\.(\\w+?)\\}\\}/g), function (match0, match1) {","                    // jslint-hack","                    String(match0);","                    switch (match1) {","                    case 'npm_package_description':","                        return 'the greatest app in the world!';","                    case 'npm_package_name':","                        return 'my-app';","                    case 'npm_package_nameAlias':","                        return 'my_app';","                    case 'npm_package_version':","                        return '0.0.1';","                    }","                });","        }","        // run the cli","        if (local.global.utility2_rollup || module !== require.main) {","            break;","        }","        local.assetsDict['/assets.example.js'] =","            local.assetsDict['/assets.example.js'] ||","            local.fs.readFileSync(__filename, 'utf8');","        // bug-workaround - long $npm_package_buildCustomOrg","        /* jslint-ignore-begin */","        local.assetsDict['/assets.npmtest_dot.rollup.js'] =","            local.assetsDict['/assets.npmtest_dot.rollup.js'] ||","            local.fs.readFileSync(","                local.npmtest_dot.__dirname + '/lib.npmtest_dot.js',","                'utf8'","            ).replace((/^#!/), '//');","        /* jslint-ignore-end */","        local.assetsDict['/favicon.ico'] = local.assetsDict['/favicon.ico'] || '';","        // if $npm_config_timeout_exit exists,","        // then exit this process after $npm_config_timeout_exit ms","        if (Number(process.env.npm_config_timeout_exit)) {","            setTimeout(process.exit, Number(process.env.npm_config_timeout_exit));","        }","        // start server","        if (local.global.utility2_serverHttp1) {","            break;","        }","        process.env.PORT = process.env.PORT || '8081';","        console.error('server starting on port ' + process.env.PORT);","        local.http.createServer(function (request, response) {","            request.urlParsed = local.url.parse(request.url);","            if (local.assetsDict[request.urlParsed.pathname] !== undefined) {","                response.end(local.assetsDict[request.urlParsed.pathname]);","                return;","            }","            response.statusCode = 404;","            response.end();","        }).listen(process.env.PORT);","        break;","    }","}());",""],"l":{"26":1,"28":1,"33":1,"35":1,"37":1,"38":1,"39":1,"44":1,"51":1,"55":1,"59":1,"61":1,"69":1,"70":1,"76":1,"79":1,"82":1,"83":1,"85":1,"89":1,"92":1,"93":1,"94":1,"96":1,"97":1,"100":1,"101":1,"103":1,"106":1,"108":1,"114":1,"116":1,"118":1,"123":1,"124":1,"125":1,"126":1,"127":1,"128":1,"129":1,"130":1,"133":1,"134":1,"139":1,"143":1,"144":1,"145":1,"149":1,"150":1,"158":1,"160":1,"161":1,"162":1,"164":1,"166":1,"258":1,"259":1,"271":1,"274":6,"275":6,"277":1,"279":2,"281":1,"283":2,"288":1,"289":1,"291":1,"296":1,"303":1,"306":1,"307":1,"310":1,"311":1,"313":1,"314":1,"315":1,"316":1,"317":1,"318":1,"319":1,"321":1,"322":1,"324":1}},"/home/travis/build/npmtest/node-npmtest-dot/node_modules/dot/index.js":{"path":"/home/travis/build/npmtest/node-npmtest-dot/node_modules/dot/index.js","s":{"1":1,"2":1,"3":0,"4":1,"5":0,"6":0,"7":0,"8":0,"9":0,"10":0,"11":0,"12":0,"13":0,"14":0,"15":1,"16":0,"17":0,"18":0,"19":0,"20":0,"21":0,"22":0,"23":0,"24":0,"25":0,"26":0,"27":0,"28":0,"29":0,"30":0,"31":0,"32":0,"33":1,"34":0,"35":0,"36":0,"37":0,"38":1,"39":0,"40":0,"41":0,"42":0,"43":1,"44":0,"45":0,"46":0,"47":0,"48":1,"49":0,"50":0,"51":0,"52":1,"53":0,"54":0,"55":0,"56":0,"57":0,"58":0,"59":0,"60":0,"61":0,"62":0,"63":0,"64":0,"65":0,"66":0,"67":0,"68":0,"69":0,"70":0,"71":0,"72":0},"b":{"1":[0,0],"2":[0,0],"3":[0,0],"4":[0,0],"5":[0,0],"6":[0,0],"7":[0,0],"8":[0,0],"9":[0,0],"10":[0,0],"11":[0,0],"12":[0,0],"13":[0,0],"14":[0,0],"15":[0,0],"16":[0,0],"17":[0,0],"18":[0,0],"19":[0,0],"20":[0,0],"21":[0,0],"22":[0,0],"23":[0,0],"24":[0,0],"25":[0,0],"26":[0,0],"27":[0,0]},"f":{"1":0,"2":0,"3":0,"4":0,"5":0,"6":0,"7":0,"8":0},"fnMap":{"1":{"name":"(anonymous_1)","line":33,"loc":{"start":{"line":33,"column":14},"end":{"line":33,"column":32}}},"2":{"name":"InstallDots","line":38,"loc":{"start":{"line":38,"column":0},"end":{"line":38,"column":24}}},"3":{"name":"(anonymous_3)","line":49,"loc":{"start":{"line":49,"column":38},"end":{"line":49,"column":68}}},"4":{"name":"addexports","line":85,"loc":{"start":{"line":85,"column":0},"end":{"line":85,"column":29}}},"5":{"name":"copy","line":93,"loc":{"start":{"line":93,"column":0},"end":{"line":93,"column":21}}},"6":{"name":"readdata","line":101,"loc":{"start":{"line":101,"column":0},"end":{"line":101,"column":24}}},"7":{"name":"(anonymous_7)","line":107,"loc":{"start":{"line":107,"column":36},"end":{"line":107,"column":51}}},"8":{"name":"(anonymous_8)","line":116,"loc":{"start":{"line":116,"column":35},"end":{"line":116,"column":46}}}},"statementMap":{"1":{"start":{"line":30,"column":0},"end":{"line":31,"column":41}},"2":{"start":{"line":33,"column":0},"end":{"line":36,"column":2}},"3":{"start":{"line":35,"column":1},"end":{"line":35,"column":46}},"4":{"start":{"line":38,"column":0},"end":{"line":47,"column":1}},"5":{"start":{"line":39,"column":1},"end":{"line":39,"column":32}},"6":{"start":{"line":40,"column":1},"end":{"line":40,"column":67}},"7":{"start":{"line":40,"column":48},"end":{"line":40,"column":67}},"8":{"start":{"line":41,"column":1},"end":{"line":41,"column":51}},"9":{"start":{"line":42,"column":1},"end":{"line":42,"column":88}},"10":{"start":{"line":42,"column":62},"end":{"line":42,"column":88}},"11":{"start":{"line":43,"column":1},"end":{"line":43,"column":46}},"12":{"start":{"line":44,"column":1},"end":{"line":44,"column":44}},"13":{"start":{"line":45,"column":1},"end":{"line":45,"column":106}},"14":{"start":{"line":46,"column":1},"end":{"line":46,"column":23}},"15":{"start":{"line":49,"column":0},"end":{"line":83,"column":2}},"16":{"start":{"line":50,"column":1},"end":{"line":50,"column":17}},"17":{"start":{"line":51,"column":1},"end":{"line":58,"column":7}},"18":{"start":{"line":60,"column":1},"end":{"line":76,"column":2}},"19":{"start":{"line":61,"column":2},"end":{"line":75,"column":3}},"20":{"start":{"line":62,"column":3},"end":{"line":62,"column":18}},"21":{"start":{"line":63,"column":3},"end":{"line":70,"column":4}},"22":{"start":{"line":64,"column":4},"end":{"line":64,"column":54}},"23":{"start":{"line":65,"column":10},"end":{"line":70,"column":4}},"24":{"start":{"line":66,"column":4},"end":{"line":66,"column":24}},"25":{"start":{"line":67,"column":10},"end":{"line":70,"column":4}},"26":{"start":{"line":68,"column":4},"end":{"line":68,"column":48}},"27":{"start":{"line":69,"column":4},"end":{"line":69,"column":65}},"28":{"start":{"line":71,"column":3},"end":{"line":74,"column":4}},"29":{"start":{"line":72,"column":4},"end":{"line":72,"column":61}},"30":{"start":{"line":73,"column":4},"end":{"line":73,"column":27}},"31":{"start":{"line":77,"column":1},"end":{"line":77,"column":73}},"32":{"start":{"line":78,"column":1},"end":{"line":82,"column":108}},"33":{"start":{"line":85,"column":0},"end":{"line":91,"column":1}},"34":{"start":{"line":86,"column":1},"end":{"line":86,"column":14}},"35":{"start":{"line":87,"column":1},"end":{"line":89,"column":2}},"36":{"start":{"line":88,"column":2},"end":{"line":88,"column":54}},"37":{"start":{"line":90,"column":1},"end":{"line":90,"column":12}},"38":{"start":{"line":93,"column":0},"end":{"line":99,"column":1}},"39":{"start":{"line":94,"column":1},"end":{"line":94,"column":15}},"40":{"start":{"line":95,"column":1},"end":{"line":97,"column":2}},"41":{"start":{"line":96,"column":2},"end":{"line":96,"column":29}},"42":{"start":{"line":98,"column":1},"end":{"line":98,"column":11}},"43":{"start":{"line":101,"column":0},"end":{"line":105,"column":1}},"44":{"start":{"line":102,"column":1},"end":{"line":102,"column":34}},"45":{"start":{"line":103,"column":1},"end":{"line":103,"column":34}},"46":{"start":{"line":103,"column":11},"end":{"line":103,"column":34}},"47":{"start":{"line":104,"column":1},"end":{"line":104,"column":38}},"48":{"start":{"line":107,"column":0},"end":{"line":114,"column":2}},"49":{"start":{"line":108,"column":1},"end":{"line":108,"column":27}},"50":{"start":{"line":109,"column":1},"end":{"line":113,"column":2}},"51":{"start":{"line":110,"column":2},"end":{"line":112,"column":28}},"52":{"start":{"line":116,"column":0},"end":{"line":144,"column":2}},"53":{"start":{"line":117,"column":1},"end":{"line":117,"column":60}},"54":{"start":{"line":117,"column":14},"end":{"line":117,"column":60}},"55":{"start":{"line":119,"column":1},"end":{"line":121,"column":13}},"56":{"start":{"line":123,"column":1},"end":{"line":129,"column":2}},"57":{"start":{"line":124,"column":2},"end":{"line":124,"column":20}},"58":{"start":{"line":125,"column":2},"end":{"line":128,"column":3}},"59":{"start":{"line":126,"column":3},"end":{"line":126,"column":50}},"60":{"start":{"line":126,"column":16},"end":{"line":126,"column":50}},"61":{"start":{"line":127,"column":3},"end":{"line":127,"column":86}},"62":{"start":{"line":131,"column":1},"end":{"line":142,"column":2}},"63":{"start":{"line":132,"column":2},"end":{"line":132,"column":20}},"64":{"start":{"line":133,"column":2},"end":{"line":136,"column":3}},"65":{"start":{"line":134,"column":3},"end":{"line":134,"column":66}},"66":{"start":{"line":134,"column":16},"end":{"line":134,"column":66}},"67":{"start":{"line":135,"column":3},"end":{"line":135,"column":98}},"68":{"start":{"line":137,"column":2},"end":{"line":141,"column":3}},"69":{"start":{"line":138,"column":3},"end":{"line":138,"column":62}},"70":{"start":{"line":138,"column":16},"end":{"line":138,"column":62}},"71":{"start":{"line":139,"column":3},"end":{"line":140,"column":33}},"72":{"start":{"line":143,"column":1},"end":{"line":143,"column":28}}},"branchMap":{"1":{"line":39,"type":"binary-expr","locations":[{"start":{"line":39,"column":17},"end":{"line":39,"column":23}},{"start":{"line":39,"column":27},"end":{"line":39,"column":31}}]},"2":{"line":40,"type":"if","locations":[{"start":{"line":40,"column":1},"end":{"line":40,"column":1}},{"start":{"line":40,"column":1},"end":{"line":40,"column":1}}]},"3":{"line":41,"type":"binary-expr","locations":[{"start":{"line":41,"column":22},"end":{"line":41,"column":35}},{"start":{"line":41,"column":39},"end":{"line":41,"column":50}}]},"4":{"line":42,"type":"if","locations":[{"start":{"line":42,"column":1},"end":{"line":42,"column":1}},{"start":{"line":42,"column":1},"end":{"line":42,"column":1}}]},"5":{"line":43,"type":"binary-expr","locations":[{"start":{"line":43,"column":18},"end":{"line":43,"column":26}},{"start":{"line":43,"column":30},"end":{"line":43,"column":45}}]},"6":{"line":44,"type":"binary-expr","locations":[{"start":{"line":44,"column":23},"end":{"line":44,"column":37}},{"start":{"line":44,"column":41},"end":{"line":44,"column":43}}]},"7":{"line":45,"type":"cond-expr","locations":[{"start":{"line":45,"column":41},"end":{"line":45,"column":93}},{"start":{"line":45,"column":96},"end":{"line":45,"column":105}}]},"8":{"line":50,"type":"binary-expr","locations":[{"start":{"line":50,"column":7},"end":{"line":50,"column":10}},{"start":{"line":50,"column":14},"end":{"line":50,"column":16}}]},"9":{"line":53,"type":"binary-expr","locations":[{"start":{"line":53,"column":15},"end":{"line":53,"column":30}},{"start":{"line":53,"column":34},"end":{"line":53,"column":54}}]},"10":{"line":61,"type":"if","locations":[{"start":{"line":61,"column":2},"end":{"line":61,"column":2}},{"start":{"line":61,"column":2},"end":{"line":61,"column":2}}]},"11":{"line":61,"type":"binary-expr","locations":[{"start":{"line":61,"column":6},"end":{"line":61,"column":38}},{"start":{"line":61,"column":42},"end":{"line":61,"column":86}}]},"12":{"line":63,"type":"if","locations":[{"start":{"line":63,"column":3},"end":{"line":63,"column":3}},{"start":{"line":63,"column":3},"end":{"line":63,"column":3}}]},"13":{"line":65,"type":"if","locations":[{"start":{"line":65,"column":10},"end":{"line":65,"column":10}},{"start":{"line":65,"column":10},"end":{"line":65,"column":10}}]},"14":{"line":67,"type":"if","locations":[{"start":{"line":67,"column":10},"end":{"line":67,"column":10}},{"start":{"line":67,"column":10},"end":{"line":67,"column":10}}]},"15":{"line":71,"type":"if","locations":[{"start":{"line":71,"column":3},"end":{"line":71,"column":3}},{"start":{"line":71,"column":3},"end":{"line":71,"column":3}}]},"16":{"line":79,"type":"binary-expr","locations":[{"start":{"line":79,"column":94},"end":{"line":79,"column":119}},{"start":{"line":79,"column":123},"end":{"line":79,"column":125}}]},"17":{"line":94,"type":"binary-expr","locations":[{"start":{"line":94,"column":6},"end":{"line":94,"column":8}},{"start":{"line":94,"column":12},"end":{"line":94,"column":14}}]},"18":{"line":103,"type":"if","locations":[{"start":{"line":103,"column":1},"end":{"line":103,"column":1}},{"start":{"line":103,"column":1},"end":{"line":103,"column":1}}]},"19":{"line":109,"type":"if","locations":[{"start":{"line":109,"column":1},"end":{"line":109,"column":1}},{"start":{"line":109,"column":1},"end":{"line":109,"column":1}}]},"20":{"line":111,"type":"binary-expr","locations":[{"start":{"line":111,"column":5},"end":{"line":111,"column":20}},{"start":{"line":111,"column":24},"end":{"line":111,"column":44}}]},"21":{"line":117,"type":"if","locations":[{"start":{"line":117,"column":1},"end":{"line":117,"column":1}},{"start":{"line":117,"column":1},"end":{"line":117,"column":1}}]},"22":{"line":125,"type":"if","locations":[{"start":{"line":125,"column":2},"end":{"line":125,"column":2}},{"start":{"line":125,"column":2},"end":{"line":125,"column":2}}]},"23":{"line":126,"type":"if","locations":[{"start":{"line":126,"column":3},"end":{"line":126,"column":3}},{"start":{"line":126,"column":3},"end":{"line":126,"column":3}}]},"24":{"line":133,"type":"if","locations":[{"start":{"line":133,"column":2},"end":{"line":133,"column":2}},{"start":{"line":133,"column":2},"end":{"line":133,"column":2}}]},"25":{"line":134,"type":"if","locations":[{"start":{"line":134,"column":3},"end":{"line":134,"column":3}},{"start":{"line":134,"column":3},"end":{"line":134,"column":3}}]},"26":{"line":137,"type":"if","locations":[{"start":{"line":137,"column":2},"end":{"line":137,"column":2}},{"start":{"line":137,"column":2},"end":{"line":137,"column":2}}]},"27":{"line":138,"type":"if","locations":[{"start":{"line":138,"column":3},"end":{"line":138,"column":3}},{"start":{"line":138,"column":3},"end":{"line":138,"column":3}}]}},"code":["/* doT + auto-compilation of doT templates"," *"," * 2012, Laura Doktorova, https://github.com/olado/doT"," * Licensed under the MIT license"," *"," * Compiles .def, .dot, .jst files found under the specified path."," * It ignores sub-directories."," * Template files can have multiple extensions at the same time."," * Files with .def extension can be included in other files via {{#def.name}}"," * Files with .dot extension are compiled into functions with the same name and"," * can be accessed as renderer.filename"," * Files with .jst extension are compiled into .js files. Produced .js file can be"," * loaded as a commonJS, AMD module, or just installed into a global variable"," * (default is set to window.render)."," * All inline defines defined in the .jst file are"," * compiled into separate functions and are available via _render.filename.definename"," *"," * Basic usage:"," * var dots = require(\"dot\").process({path: \"./views\"});"," * dots.mytemplate({foo:\"hello world\"});"," *"," * The above snippet will:"," * 1. Compile all templates in views folder (.dot, .def, .jst)"," * 2. Place .js files compiled from .jst templates into the same folder."," *    These files can be used with require, i.e. require(\"./views/mytemplate\")."," * 3. Return an object with functions compiled from .dot templates as its properties."," * 4. Render mytemplate template."," */","","var fs = require(\"fs\"),","\tdoT = module.exports = require(\"./doT\");","","doT.process = function(options) {","\t//path, destination, global, rendermodule, templateSettings","\treturn new InstallDots(options).compileAll();","};","","function InstallDots(o) {","\tthis.__path \t\t= o.path || \"./\";","\tif (this.__path[this.__path.length-1] !== '/') this.__path += '/';","\tthis.__destination\t= o.destination || this.__path;","\tif (this.__destination[this.__destination.length-1] !== '/') this.__destination += '/';","\tthis.__global\t\t= o.global || \"window.render\";","\tthis.__rendermodule\t= o.rendermodule || {};","\tthis.__settings \t= o.templateSettings ? copy(o.templateSettings, copy(doT.templateSettings)) : undefined;","\tthis.__includes\t\t= {};","}","","InstallDots.prototype.compileToFile = function(path, template, def) {","\tdef = def || {};","\tvar modulename = path.substring(path.lastIndexOf(\"/\")+1, path.lastIndexOf(\".\"))","\t\t, defs = copy(this.__includes, copy(def))","\t\t, settings = this.__settings || doT.templateSettings","\t\t, compileoptions = copy(settings)","\t\t, defaultcompiled = doT.template(template, settings, defs)","\t\t, exports = []","\t\t, compiled = \"\"","\t\t, fn;","","\tfor (var property in defs) {","\t\tif (defs[property] !== def[property] && defs[property] !== this.__includes[property]) {","\t\t\tfn = undefined;","\t\t\tif (typeof defs[property] === 'string') {","\t\t\t\tfn = doT.template(defs[property], settings, defs);","\t\t\t} else if (typeof defs[property] === 'function') {","\t\t\t\tfn = defs[property];","\t\t\t} else if (defs[property].arg) {","\t\t\t\tcompileoptions.varname = defs[property].arg;","\t\t\t\tfn = doT.template(defs[property].text, compileoptions, defs);","\t\t\t}","\t\t\tif (fn) {","\t\t\t\tcompiled += fn.toString().replace('anonymous', property);","\t\t\t\texports.push(property);","\t\t\t}","\t\t}","\t}","\tcompiled += defaultcompiled.toString().replace('anonymous', modulename);","\tfs.writeFileSync(path, \"(function(){\" + compiled","\t\t+ \"var itself=\" + modulename + \", _encodeHTML=(\" + doT.encodeHTMLSource.toString() + \"(\" + (settings.doNotSkipEncoded || '') + \"));\"","\t\t+ addexports(exports)","\t\t+ \"if(typeof module!=='undefined' && module.exports) module.exports=itself;else if(typeof define==='function')define(function(){return itself;});else {\"","\t\t+ this.__global + \"=\" + this.__global + \"||{};\" + this.__global + \"['\" + modulename + \"']=itself;}}());\");","};","","function addexports(exports) {","\tvar ret = '';","\tfor (var i=0; i< exports.length; i++) {","\t\tret += \"itself.\" + exports[i]+ \"=\" + exports[i]+\";\";","\t}","\treturn ret;","}","","function copy(o, to) {","\tto = to || {};","\tfor (var property in o) {","\t\tto[property] = o[property];","\t}","\treturn to;","}","","function readdata(path) {","\tvar data = fs.readFileSync(path);","\tif (data) return data.toString();","\tconsole.log(\"problems with \" + path);","}","","InstallDots.prototype.compilePath = function(path) {","\tvar data = readdata(path);","\tif (data) {","\t\treturn doT.template(data,","\t\t\t\t\tthis.__settings || doT.templateSettings,","\t\t\t\t\tcopy(this.__includes));","\t}","};","","InstallDots.prototype.compileAll = function() {","\tif (doT.log) console.log(\"Compiling all doT templates...\");","","\tvar defFolder = this.__path,","\t\tsources = fs.readdirSync(defFolder),","\t\tk, l, name;","","\tfor( k = 0, l = sources.length; k < l; k++) {","\t\tname = sources[k];","\t\tif (/\\.def(\\.dot|\\.jst)?$/.test(name)) {","\t\t\tif (doT.log) console.log(\"Loaded def \" + name);","\t\t\tthis.__includes[name.substring(0, name.indexOf('.'))] = readdata(defFolder + name);","\t\t}","\t}","","\tfor( k = 0, l = sources.length; k < l; k++) {","\t\tname = sources[k];","\t\tif (/\\.dot(\\.def|\\.jst)?$/.test(name)) {","\t\t\tif (doT.log) console.log(\"Compiling \" + name + \" to function\");","\t\t\tthis.__rendermodule[name.substring(0, name.indexOf('.'))] = this.compilePath(defFolder + name);","\t\t}","\t\tif (/\\.jst(\\.dot|\\.def)?$/.test(name)) {","\t\t\tif (doT.log) console.log(\"Compiling \" + name + \" to file\");","\t\t\tthis.compileToFile(this.__destination + name.substring(0, name.indexOf('.')) + '.js',","\t\t\t\t\treaddata(defFolder + name));","\t\t}","\t}","\treturn this.__rendermodule;","};",""],"l":{"30":1,"33":1,"35":0,"38":1,"39":0,"40":0,"41":0,"42":0,"43":0,"44":0,"45":0,"46":0,"49":1,"50":0,"51":0,"60":0,"61":0,"62":0,"63":0,"64":0,"65":0,"66":0,"67":0,"68":0,"69":0,"71":0,"72":0,"73":0,"77":0,"78":0,"85":1,"86":0,"87":0,"88":0,"90":0,"93":1,"94":0,"95":0,"96":0,"98":0,"101":1,"102":0,"103":0,"104":0,"107":1,"108":0,"109":0,"110":0,"116":1,"117":0,"119":0,"123":0,"124":0,"125":0,"126":0,"127":0,"131":0,"132":0,"133":0,"134":0,"135":0,"137":0,"138":0,"139":0,"143":0}},"/home/travis/build/npmtest/node-npmtest-dot/node_modules/dot/doT.js":{"path":"/home/travis/build/npmtest/node-npmtest-dot/node_modules/dot/doT.js","s":{"1":1,"2":1,"3":1,"4":0,"5":0,"6":0,"7":0,"8":1,"9":1,"10":1,"11":1,"12":0,"13":0,"14":0,"15":0,"16":1,"17":1,"18":0,"19":0,"20":0,"21":0,"22":0,"23":0,"24":0,"25":0,"26":0,"27":0,"28":0,"29":0,"30":0,"31":0,"32":0,"33":0,"34":0,"35":0,"36":0,"37":0,"38":0,"39":1,"40":0,"41":1,"42":0,"43":0,"44":0,"45":0,"46":0,"47":0,"48":0,"49":0,"50":0,"51":0,"52":0,"53":0,"54":0,"55":0,"56":0,"57":0,"58":0,"59":0,"60":0,"61":0,"62":0,"63":0,"64":0,"65":1,"66":0},"b":{"1":[0,0],"2":[0,0],"3":[0,0],"4":[1,1],"5":[1,0],"6":[1,1],"7":[0,0],"8":[0,0],"9":[0,0],"10":[0,0],"11":[0,0],"12":[0,0],"13":[0,0],"14":[0,0],"15":[0,0],"16":[0,0],"17":[0,0],"18":[0,0],"19":[0,0,0],"20":[0,0],"21":[0,0],"22":[0,0],"23":[0,0],"24":[0,0],"25":[0,0],"26":[0,0],"27":[0,0],"28":[0,0],"29":[0,0],"30":[0,0],"31":[0,0],"32":[0,0],"33":[0,0],"34":[0,0],"35":[0,0],"36":[0,0],"37":[0,0],"38":[0,0],"39":[0,0],"40":[0,0,0],"41":[0,0],"42":[0,0]},"f":{"1":1,"2":0,"3":0,"4":0,"5":1,"6":0,"7":0,"8":0,"9":0,"10":0,"11":0,"12":0,"13":0,"14":0,"15":0,"16":0,"17":0,"18":0,"19":0},"fnMap":{"1":{"name":"(anonymous_1)","line":5,"loc":{"start":{"line":5,"column":1},"end":{"line":5,"column":12}}},"2":{"name":"(anonymous_2)","line":31,"loc":{"start":{"line":31,"column":24},"end":{"line":31,"column":51}}},"3":{"name":"(anonymous_3)","line":34,"loc":{"start":{"line":34,"column":9},"end":{"line":34,"column":24}}},"4":{"name":"(anonymous_4)","line":35,"loc":{"start":{"line":35,"column":52},"end":{"line":35,"column":64}}},"5":{"name":"(anonymous_5)","line":39,"loc":{"start":{"line":39,"column":13},"end":{"line":39,"column":23}}},"6":{"name":"(anonymous_6)","line":45,"loc":{"start":{"line":45,"column":9},"end":{"line":45,"column":19}},"skip":true},"7":{"name":"resolveDefs","line":55,"loc":{"start":{"line":55,"column":1},"end":{"line":55,"column":37}}},"8":{"name":"(anonymous_8)","line":57,"loc":{"start":{"line":57,"column":29},"end":{"line":57,"column":62}}},"9":{"name":"(anonymous_9)","line":63,"loc":{"start":{"line":63,"column":55},"end":{"line":63,"column":77}}},"10":{"name":"(anonymous_10)","line":73,"loc":{"start":{"line":73,"column":26},"end":{"line":73,"column":44}}},"11":{"name":"(anonymous_11)","line":74,"loc":{"start":{"line":74,"column":53},"end":{"line":74,"column":78}}},"12":{"name":"unescape","line":87,"loc":{"start":{"line":87,"column":1},"end":{"line":87,"column":25}}},"13":{"name":"(anonymous_13)","line":91,"loc":{"start":{"line":91,"column":16},"end":{"line":91,"column":39}}},"14":{"name":"(anonymous_14)","line":99,"loc":{"start":{"line":99,"column":35},"end":{"line":99,"column":53}}},"15":{"name":"(anonymous_15)","line":102,"loc":{"start":{"line":102,"column":30},"end":{"line":102,"column":48}}},"16":{"name":"(anonymous_16)","line":106,"loc":{"start":{"line":106,"column":35},"end":{"line":106,"column":63}}},"17":{"name":"(anonymous_17)","line":111,"loc":{"start":{"line":111,"column":31},"end":{"line":111,"column":66}}},"18":{"name":"(anonymous_18)","line":117,"loc":{"start":{"line":117,"column":32},"end":{"line":117,"column":50}}},"19":{"name":"(anonymous_19)","line":140,"loc":{"start":{"line":140,"column":15},"end":{"line":140,"column":35}}}},"statementMap":{"1":{"start":{"line":5,"column":0},"end":{"line":143,"column":5}},"2":{"start":{"line":8,"column":1},"end":{"line":29,"column":13}},"3":{"start":{"line":31,"column":1},"end":{"line":37,"column":3}},"4":{"start":{"line":32,"column":2},"end":{"line":33,"column":75}},"5":{"start":{"line":34,"column":2},"end":{"line":36,"column":4}},"6":{"start":{"line":35,"column":3},"end":{"line":35,"column":104}},"7":{"start":{"line":35,"column":65},"end":{"line":35,"column":96}},"8":{"start":{"line":39,"column":1},"end":{"line":39,"column":63}},"9":{"start":{"line":39,"column":25},"end":{"line":39,"column":57}},"10":{"start":{"line":42,"column":1},"end":{"line":48,"column":2}},"11":{"start":{"line":43,"column":2},"end":{"line":43,"column":23}},"12":{"start":{"line":44,"column":8},"end":{"line":48,"column":2},"skip":true},"13":{"start":{"line":45,"column":2},"end":{"line":45,"column":34},"skip":true},"14":{"start":{"line":45,"column":20},"end":{"line":45,"column":31},"skip":true},"15":{"start":{"line":47,"column":2},"end":{"line":47,"column":21},"skip":true},"16":{"start":{"line":50,"column":1},"end":{"line":53,"column":16}},"17":{"start":{"line":55,"column":1},"end":{"line":85,"column":2}},"18":{"start":{"line":56,"column":2},"end":{"line":84,"column":5}},"19":{"start":{"line":58,"column":3},"end":{"line":60,"column":4}},"20":{"start":{"line":59,"column":4},"end":{"line":59,"column":29}},"21":{"start":{"line":61,"column":3},"end":{"line":70,"column":4}},"22":{"start":{"line":62,"column":4},"end":{"line":69,"column":5}},"23":{"start":{"line":63,"column":5},"end":{"line":65,"column":8}},"24":{"start":{"line":63,"column":25},"end":{"line":65,"column":8}},"25":{"start":{"line":64,"column":6},"end":{"line":64,"column":40}},"26":{"start":{"line":66,"column":5},"end":{"line":66,"column":42}},"27":{"start":{"line":66,"column":25},"end":{"line":66,"column":42}},"28":{"start":{"line":68,"column":5},"end":{"line":68,"column":58}},"29":{"start":{"line":71,"column":3},"end":{"line":71,"column":13}},"30":{"start":{"line":74,"column":3},"end":{"line":81,"column":6}},"31":{"start":{"line":74,"column":20},"end":{"line":81,"column":6}},"32":{"start":{"line":75,"column":4},"end":{"line":80,"column":5}},"33":{"start":{"line":76,"column":5},"end":{"line":76,"column":50}},"34":{"start":{"line":77,"column":5},"end":{"line":77,"column":33}},"35":{"start":{"line":78,"column":5},"end":{"line":78,"column":121}},"36":{"start":{"line":79,"column":5},"end":{"line":79,"column":38}},"37":{"start":{"line":82,"column":3},"end":{"line":82,"column":54}},"38":{"start":{"line":83,"column":3},"end":{"line":83,"column":41}},"39":{"start":{"line":87,"column":1},"end":{"line":89,"column":2}},"40":{"start":{"line":88,"column":2},"end":{"line":88,"column":67}},"41":{"start":{"line":91,"column":1},"end":{"line":138,"column":3}},"42":{"start":{"line":92,"column":2},"end":{"line":92,"column":32}},"43":{"start":{"line":93,"column":2},"end":{"line":94,"column":71}},"44":{"start":{"line":96,"column":2},"end":{"line":122,"column":67}},"45":{"start":{"line":100,"column":4},"end":{"line":100,"column":48}},"46":{"start":{"line":103,"column":4},"end":{"line":103,"column":26}},"47":{"start":{"line":104,"column":4},"end":{"line":104,"column":54}},"48":{"start":{"line":107,"column":4},"end":{"line":109,"column":66}},"49":{"start":{"line":112,"column":4},"end":{"line":112,"column":40}},"50":{"start":{"line":112,"column":18},"end":{"line":112,"column":40}},"51":{"start":{"line":113,"column":4},"end":{"line":113,"column":11}},"52":{"start":{"line":113,"column":12},"end":{"line":113,"column":34}},"53":{"start":{"line":113,"column":35},"end":{"line":113,"column":61}},"54":{"start":{"line":114,"column":4},"end":{"line":115,"column":46}},"55":{"start":{"line":118,"column":4},"end":{"line":118,"column":44}},"56":{"start":{"line":125,"column":2},"end":{"line":130,"column":3}},"57":{"start":{"line":126,"column":3},"end":{"line":126,"column":126}},"58":{"start":{"line":126,"column":62},"end":{"line":126,"column":126}},"59":{"start":{"line":127,"column":3},"end":{"line":129,"column":10}},"60":{"start":{"line":131,"column":2},"end":{"line":137,"column":3}},"61":{"start":{"line":132,"column":3},"end":{"line":132,"column":39}},"62":{"start":{"line":135,"column":3},"end":{"line":135,"column":99}},"63":{"start":{"line":135,"column":39},"end":{"line":135,"column":99}},"64":{"start":{"line":136,"column":3},"end":{"line":136,"column":11}},"65":{"start":{"line":140,"column":1},"end":{"line":142,"column":3}},"66":{"start":{"line":141,"column":2},"end":{"line":141,"column":39}}},"branchMap":{"1":{"line":33,"type":"cond-expr","locations":[{"start":{"line":33,"column":34},"end":{"line":33,"column":46}},{"start":{"line":33,"column":49},"end":{"line":33,"column":74}}]},"2":{"line":35,"type":"cond-expr","locations":[{"start":{"line":35,"column":17},"end":{"line":35,"column":98}},{"start":{"line":35,"column":101},"end":{"line":35,"column":103}}]},"3":{"line":35,"type":"binary-expr","locations":[{"start":{"line":35,"column":72},"end":{"line":35,"column":90}},{"start":{"line":35,"column":94},"end":{"line":35,"column":95}}]},"4":{"line":39,"type":"binary-expr","locations":[{"start":{"line":39,"column":32},"end":{"line":39,"column":36}},{"start":{"line":39,"column":40},"end":{"line":39,"column":56}}]},"5":{"line":42,"type":"if","locations":[{"start":{"line":42,"column":1},"end":{"line":42,"column":1}},{"start":{"line":42,"column":1},"end":{"line":42,"column":1},"skip":true}]},"6":{"line":42,"type":"binary-expr","locations":[{"start":{"line":42,"column":5},"end":{"line":42,"column":34}},{"start":{"line":42,"column":38},"end":{"line":42,"column":52}}]},"7":{"line":44,"type":"if","locations":[{"start":{"line":44,"column":8},"end":{"line":44,"column":8},"skip":true},{"start":{"line":44,"column":8},"end":{"line":44,"column":8},"skip":true}]},"8":{"line":44,"type":"binary-expr","locations":[{"start":{"line":44,"column":12},"end":{"line":44,"column":40},"skip":true},{"start":{"line":44,"column":44},"end":{"line":44,"column":54},"skip":true}]},"9":{"line":56,"type":"cond-expr","locations":[{"start":{"line":56,"column":40},"end":{"line":56,"column":45}},{"start":{"line":56,"column":48},"end":{"line":56,"column":64}}]},"10":{"line":57,"type":"binary-expr","locations":[{"start":{"line":57,"column":11},"end":{"line":57,"column":19}},{"start":{"line":57,"column":23},"end":{"line":57,"column":27}}]},"11":{"line":58,"type":"if","locations":[{"start":{"line":58,"column":3},"end":{"line":58,"column":3}},{"start":{"line":58,"column":3},"end":{"line":58,"column":3}}]},"12":{"line":61,"type":"if","locations":[{"start":{"line":61,"column":3},"end":{"line":61,"column":3}},{"start":{"line":61,"column":3},"end":{"line":61,"column":3}}]},"13":{"line":62,"type":"if","locations":[{"start":{"line":62,"column":4},"end":{"line":62,"column":4}},{"start":{"line":62,"column":4},"end":{"line":62,"column":4}}]},"14":{"line":63,"type":"if","locations":[{"start":{"line":63,"column":5},"end":{"line":63,"column":5}},{"start":{"line":63,"column":5},"end":{"line":63,"column":5}}]},"15":{"line":66,"type":"if","locations":[{"start":{"line":66,"column":5},"end":{"line":66,"column":5}},{"start":{"line":66,"column":5},"end":{"line":66,"column":5}}]},"16":{"line":73,"type":"binary-expr","locations":[{"start":{"line":73,"column":11},"end":{"line":73,"column":16}},{"start":{"line":73,"column":20},"end":{"line":73,"column":24}}]},"17":{"line":74,"type":"if","locations":[{"start":{"line":74,"column":3},"end":{"line":74,"column":3}},{"start":{"line":74,"column":3},"end":{"line":74,"column":3}}]},"18":{"line":75,"type":"if","locations":[{"start":{"line":75,"column":4},"end":{"line":75,"column":4}},{"start":{"line":75,"column":4},"end":{"line":75,"column":4}}]},"19":{"line":75,"type":"binary-expr","locations":[{"start":{"line":75,"column":8},"end":{"line":75,"column":14}},{"start":{"line":75,"column":18},"end":{"line":75,"column":28}},{"start":{"line":75,"column":32},"end":{"line":75,"column":37}}]},"20":{"line":77,"type":"binary-expr","locations":[{"start":{"line":77,"column":17},"end":{"line":77,"column":26}},{"start":{"line":77,"column":30},"end":{"line":77,"column":32}}]},"21":{"line":83,"type":"cond-expr","locations":[{"start":{"line":83,"column":14},"end":{"line":83,"column":36}},{"start":{"line":83,"column":39},"end":{"line":83,"column":40}}]},"22":{"line":92,"type":"binary-expr","locations":[{"start":{"line":92,"column":6},"end":{"line":92,"column":7}},{"start":{"line":92,"column":11},"end":{"line":92,"column":31}}]},"23":{"line":93,"type":"cond-expr","locations":[{"start":{"line":93,"column":23},"end":{"line":93,"column":38}},{"start":{"line":93,"column":41},"end":{"line":93,"column":55}}]},"24":{"line":94,"type":"cond-expr","locations":[{"start":{"line":94,"column":32},"end":{"line":94,"column":63}},{"start":{"line":94,"column":66},"end":{"line":94,"column":70}}]},"25":{"line":94,"type":"binary-expr","locations":[{"start":{"line":94,"column":11},"end":{"line"
[...]
eof _encodeHTML !== 'undefined' ? _encodeHTML : (\"","\t\t\t\t+ doT.encodeHTMLSource.toString() + \"(\" + (c.doNotSkipEncoded || '') + \"));\"","\t\t\t\t+ str;","\t\t}","\t\ttry {","\t\t\treturn new Function(c.varname, str);","\t\t} catch (e) {","\t\t\tif (typeof console !== \"undefined\") console.log(\"Could not create a template function: \" + str);","\t\t\tthrow e;","\t\t}","\t};","","\tdoT.compile = function(tmpl, def) {","\t\treturn doT.template(tmpl, null, def);","\t};","}());",""],"l":{"5":1,"8":1,"30":1,"31":1,"33":1,"34":4546680,"38":1,"40":1,"41":1,"42":0,"43":0,"45":0,"48":1,"53":1,"54":122903,"56":0,"57":0,"59":0,"60":0,"61":0,"62":0,"64":0,"66":0,"69":0,"72":0,"73":0,"74":0,"75":0,"76":0,"77":0,"80":0,"81":0,"85":1,"86":491612,"89":1,"90":122903,"91":122903,"94":122903,"98":368709,"101":122903,"102":122903,"105":0,"110":0,"111":0,"112":0,"116":0,"123":122903,"124":122903,"125":122903,"129":122903,"130":122903,"132":0,"133":0,"137":1,"138":0}},"/home/travis/build/npmtest/node-npmtest-dot/node_modules/dot/benchmarks/templatesBench.js":{"path":"/home/travis/build/npmtest/node-npmtest-dot/node_modules/dot/benchmarks/templatesBench.js","s":{"1":1,"2":1,"3":1,"4":1,"5":0,"6":1,"7":1,"8":1,"9":1,"10":1,"11":1,"12":1,"13":337930,"14":1,"15":3,"16":337930,"17":1,"18":337930,"19":1,"20":4,"21":501770,"22":1,"23":337930,"24":1,"25":3,"26":337930,"27":1,"28":0,"29":1,"30":0,"31":0,"32":1,"33":1,"34":1,"35":1,"36":1,"37":1,"38":1,"39":1,"40":11,"41":1,"42":0,"43":0,"44":0,"45":0,"46":0,"47":0,"48":0,"49":0,"50":0,"51":0,"52":0,"53":0,"54":0,"55":0,"56":0,"57":1,"58":1,"59":0,"60":0,"61":0,"62":0,"63":0,"64":0,"65":0,"66":0,"67":0,"68":0,"69":0,"70":0,"71":0,"72":0,"73":0,"74":0,"75":0,"76":0,"77":0,"78":0,"79":0},"b":{"1":[1,0],"2":[1,1],"3":[0,0,0],"4":[0,0]},"f":{"1":1,"2":1,"3":337930,"4":3,"5":337930,"6":4,"7":337930,"8":3,"9":0,"10":0,"11":1,"12":11,"13":0,"14":0,"15":0,"16":0,"17":0},"fnMap":{"1":{"name":"(anonymous_1)","line":1,"loc":{"start":{"line":1,"column":1},"end":{"line":1,"column":12}}},"2":{"name":"testsetup","line":17,"loc":{"start":{"line":17,"column":1},"end":{"line":17,"column":29}}},"3":{"name":"(anonymous_3)","line":28,"loc":{"start":{"line":28,"column":26},"end":{"line":28,"column":37}}},"4":{"name":"(anonymous_4)","line":32,"loc":{"start":{"line":32,"column":36},"end":{"line":32,"column":52}}},"5":{"name":"(anonymous_5)","line":38,"loc":{"start":{"line":38,"column":39},"end":{"line":38,"column":50}}},"6":{"name":"(anonymous_6)","line":42,"loc":{"start":{"line":42,"column":49},"end":{"line":42,"column":65}}},"7":{"name":"(anonymous_7)","line":48,"loc":{"start":{"line":48,"column":37},"end":{"line":48,"column":48}}},"8":{"name":"(anonymous_8)","line":52,"loc":{"start":{"line":52,"column":47},"end":{"line":52,"column":63}}},"9":{"name":"(anonymous_9)","line":58,"loc":{"start":{"line":58,"column":39},"end":{"line":58,"column":50}}},"10":{"name":"(anonymous_10)","line":62,"loc":{"start":{"line":62,"column":49},"end":{"line":62,"column":65}}},"11":{"name":"runTests","line":69,"loc":{"start":{"line":69,"column":1},"end":{"line":69,"column":21}}},"12":{"name":"(anonymous_12)","line":78,"loc":{"start":{"line":78,"column":26},"end":{"line":78,"column":41}}},"13":{"name":"(anonymous_13)","line":83,"loc":{"start":{"line":83,"column":30},"end":{"line":83,"column":41}}},"14":{"name":"runTestsInBrowser","line":107,"loc":{"start":{"line":107,"column":1},"end":{"line":107,"column":30}}},"15":{"name":"(anonymous_15)","line":114,"loc":{"start":{"line":114,"column":26},"end":{"line":114,"column":41}}},"16":{"name":"(anonymous_16)","line":119,"loc":{"start":{"line":119,"column":30},"end":{"line":119,"column":41}}},"17":{"name":"(anonymous_17)","line":124,"loc":{"start":{"line":124,"column":15},"end":{"line":124,"column":26}}}},"statementMap":{"1":{"start":{"line":1,"column":0},"end":{"line":138,"column":5}},"2":{"start":{"line":2,"column":1},"end":{"line":9,"column":10}},"3":{"start":{"line":11,"column":1},"end":{"line":15,"column":2}},"4":{"start":{"line":12,"column":2},"end":{"line":12,"column":13}},"5":{"start":{"line":14,"column":2},"end":{"line":14,"column":36}},"6":{"start":{"line":17,"column":1},"end":{"line":67,"column":1}},"7":{"start":{"line":19,"column":2},"end":{"line":19,"column":42}},"8":{"start":{"line":21,"column":2},"end":{"line":21,"column":47}},"9":{"start":{"line":23,"column":2},"end":{"line":23,"column":102}},"10":{"start":{"line":25,"column":2},"end":{"line":25,"column":38}},"11":{"start":{"line":26,"column":2},"end":{"line":26,"column":50}},"12":{"start":{"line":28,"column":2},"end":{"line":30,"column":5}},"13":{"start":{"line":29,"column":3},"end":{"line":29,"column":21}},"14":{"start":{"line":32,"column":2},"end":{"line":36,"column":5}},"15":{"start":{"line":33,"column":3},"end":{"line":35,"column":4}},"16":{"start":{"line":34,"column":4},"end":{"line":34,"column":22}},"17":{"start":{"line":38,"column":2},"end":{"line":40,"column":5}},"18":{"start":{"line":39,"column":3},"end":{"line":39,"column":26}},"19":{"start":{"line":42,"column":2},"end":{"line":46,"column":5}},"20":{"start":{"line":43,"column":3},"end":{"line":45,"column":4}},"21":{"start":{"line":44,"column":4},"end":{"line":44,"column":27}},"22":{"start":{"line":48,"column":2},"end":{"line":50,"column":5}},"23":{"start":{"line":49,"column":3},"end":{"line":49,"column":26}},"24":{"start":{"line":52,"column":2},"end":{"line":56,"column":5}},"25":{"start":{"line":53,"column":3},"end":{"line":55,"column":4}},"26":{"start":{"line":54,"column":4},"end":{"line":54,"column":27}},"27":{"start":{"line":58,"column":2},"end":{"line":60,"column":5}},"28":{"start":{"line":59,"column":3},"end":{"line":59,"column":29}},"29":{"start":{"line":62,"column":2},"end":{"line":66,"column":5}},"30":{"start":{"line":63,"column":3},"end":{"line":65,"column":4}},"31":{"start":{"line":64,"column":4},"end":{"line":64,"column":30}},"32":{"start":{"line":69,"column":1},"end":{"line":105,"column":2}},"33":{"start":{"line":71,"column":2},"end":{"line":71,"column":38}},"34":{"start":{"line":72,"column":2},"end":{"line":72,"column":39}},"35":{"start":{"line":73,"column":2},"end":{"line":73,"column":39}},"36":{"start":{"line":74,"column":2},"end":{"line":74,"column":18}},"37":{"start":{"line":75,"column":2},"end":{"line":75,"column":62}},"38":{"start":{"line":76,"column":2},"end":{"line":76,"column":21}},"39":{"start":{"line":78,"column":2},"end":{"line":81,"column":5}},"40":{"start":{"line":80,"column":3},"end":{"line":80,"column":32}},"41":{"start":{"line":83,"column":2},"end":{"line":102,"column":5}},"42":{"start":{"line":84,"column":3},"end":{"line":97,"column":4}},"43":{"start":{"line":86,"column":4},"end":{"line":86,"column":14}},"44":{"start":{"line":87,"column":4},"end":{"line":87,"column":50}},"45":{"start":{"line":87,"column":29},"end":{"line":87,"column":48}},"46":{"start":{"line":88,"column":4},"end":{"line":88,"column":65}},"47":{"start":{"line":89,"column":4},"end":{"line":89,"column":10}},"48":{"start":{"line":91,"column":4},"end":{"line":91,"column":14}},"49":{"start":{"line":92,"column":4},"end":{"line":92,"column":50}},"50":{"start":{"line":92,"column":29},"end":{"line":92,"column":48}},"51":{"start":{"line":93,"column":4},"end":{"line":93,"column":64}},"52":{"start":{"line":94,"column":4},"end":{"line":94,"column":10}},"53":{"start":{"line":96,"column":4},"end":{"line":96,"column":11}},"54":{"start":{"line":99,"column":3},"end":{"line":99,"column":23}},"55":{"start":{"line":100,"column":3},"end":{"line":100,"column":22}},"56":{"start":{"line":101,"column":3},"end":{"line":101,"column":21}},"57":{"start":{"line":104,"column":2},"end":{"line":104,"column":20}},"58":{"start":{"line":107,"column":1},"end":{"line":137,"column":2}},"59":{"start":{"line":108,"column":2},"end":{"line":108,"column":29}},"60":{"start":{"line":108,"column":29},"end":{"line":108,"column":46}},"61":{"start":{"line":108,"column":46},"end":{"line":108,"column":63}},"62":{"start":{"line":110,"column":2},"end":{"line":110,"column":101}},"63":{"start":{"line":111,"column":2},"end":{"line":111,"column":52}},"64":{"start":{"line":112,"column":2},"end":{"line":112,"column":21}},"65":{"start":{"line":114,"column":2},"end":{"line":117,"column":5}},"66":{"start":{"line":116,"column":3},"end":{"line":116,"column":42}},"67":{"start":{"line":119,"column":2},"end":{"line":134,"column":5}},"68":{"start":{"line":121,"column":3},"end":{"line":121,"column":39}},"69":{"start":{"line":122,"column":3},"end":{"line":133,"column":4}},"70":{"start":{"line":123,"column":4},"end":{"line":123,"column":73}},"71":{"start":{"line":124,"column":4},"end":{"line":130,"column":11}},"72":{"start":{"line":125,"column":5},"end":{"line":125,"column":25}},"73":{"start":{"line":126,"column":5},"end":{"line":126,"column":51}},"74":{"start":{"line":127,"column":5},"end":{"line":127,"column":51}},"75":{"start":{"line":127,"column":30},"end":{"line":127,"column":49}},"76":{"start":{"line":128,"column":5},"end":{"line":128,"column":24}},"77":{"start":{"line":129,"column":5},"end":{"line":129,"column":23}},"78":{"start":{"line":132,"column":4},"end":{"line":132,"column":73}},"79":{"start":{"line":136,"column":2},"end":{"line":136,"column":20}}},"branchMap":{"1":{"line":11,"type":"if","locations":[{"start":{"line":11,"column":1},"end":{"line":11,"column":1}},{"start":{"line":11,"column":1},"end":{"line":11,"column":1}}]},"2":{"line":11,"type":"binary-expr","locations":[{"start":{"line":11,"column":5},"end":{"line":11,"column":34}},{"start":{"line":11,"column":38},"end":{"line":11,"column":52}}]},"3":{"line":84,"type":"switch","locations":[{"start":{"line":85,"column":3},"end":{"line":89,"column":10}},{"start":{"line":90,"column":3},"end":{"line":94,"column":10}},{"start":{"line":95,"column":3},"end":{"line":96,"column":11}}]},"4":{"line":122,"type":"if","locations":[{"start":{"line":122,"column":3},"end":{"line":122,"column":3}},{"start":{"line":122,"column":3},"end":{"line":122,"column":3}}]}},"code":["(function() {","\tvar jslitmus, _, doU, doT,","\t\tdata = { f1: 1, f2: 2, f3: 3, f4: \"http://bebedo.com/laura\"},","\t\tsnippet = \"<h1>Just static text</h1>\\","\t\t<p>Here is a simple {{=it.f1}} </p>\\","\t\t<div>test {{=it.f2}}\\","\t\t<div>{{=it.f3}}</div>\\","\t\t<div>{{!it.f4}}</div>\\","\t\t</div>\";","","\tif (typeof module !== 'undefined' && module.exports) {","\t\trunTests();","\t} else {","\t\twindow.onload = runTestsInBrowser;","\t}","","\tfunction testsetup(snippet) {","\t\t// doU with 'it'","\t\tvar doUCompiled = doU.template(snippet);","\t\t// doT with 'it'","\t\tvar doTCompiledParam = doT.template(snippet);","\t\t// doT with 'this'","\t\tvar doTCompiled = doT.template(snippet.replace(/=it\\./g, '=this.').replace(/{{!it\\./g, '{{!this.'));","\t\t// doT with 'it' and append = false","\t\tdoT.templateSettings.append = false;","\t\tvar doTCompiledNoAppend = doT.template(snippet);","","\t\tjslitmus.test('doU.js', function() {","\t\t\tdoUCompiled(data);","\t\t});","","\t\tjslitmus.test('doU.js - looping', function(count) {","\t\t\twhile (count--) {","\t\t\t\tdoUCompiled(data);","\t\t\t}","\t\t});","","\t\tjslitmus.test('doT.js - using this', function() {","\t\t\tdoTCompiled.call(data);","\t\t});","","\t\tjslitmus.test('doT.js - using this - looping', function(count) {","\t\t\twhile (count--) {","\t\t\t\tdoTCompiled.call(data);","\t\t\t}","\t\t});","","\t\tjslitmus.test('doT.js - using it', function() {","\t\t\tdoTCompiledParam(data);","\t\t});","","\t\tjslitmus.test('doT.js - using it - looping', function(count) {","\t\t\twhile (count--) {","\t\t\t\tdoTCompiledParam(data);","\t\t\t}","\t\t});","","\t\tjslitmus.test('doT.js - append off', function() {","\t\t\tdoTCompiledNoAppend(data);","\t\t});","","\t\tjslitmus.test('doT.js - append off - looping', function(count) {","\t\t\twhile (count--) {","\t\t\t\tdoTCompiledNoAppend(data);","\t\t\t}","\t\t});","}","","\tfunction runTests() {","\t\t//var util = require('util');","\t\tjslitmus = require('./jslitmus.js');","\t\tdoU = require('./templating/doU.js');","\t\tdoT = require('./templating/doT.js');","\t\tvar passOne = 0;","\t\tconsole.log(\"*** Small template length: \" + snippet.length);","\t\ttestsetup(snippet);","\t\t// Log the test results","\t\tjslitmus.on('complete', function(test) {","\t\t\t//console.log(util.inspect(process.memoryUsage()));","\t\t\tconsole.log(test.toString());","\t\t});","\t\t// 'all_complete' fires when all tests have finished.","\t\tjslitmus.on('all_complete', function() {","\t\t\tswitch (passOne) {","\t\t\tcase 0:","\t\t\t\tpassOne++;","\t\t\t\tfor(var i=0; i<5; i++) { snippet += snippet; }","\t\t\t\tconsole.log(\"*** Medium template length: \" + snippet.length);","\t\t\t\tbreak;","\t\t\tcase 1:","\t\t\t\tpassOne++;","\t\t\t\tfor(var i=0; i<3; i++) { snippet += snippet; }","\t\t\t\tconsole.log(\"*** Large template length: \" + snippet.length);","\t\t\t\tbreak;","\t\t\tdefault:","\t\t\t\treturn;","\t\t\t}","","\t\t\tjslitmus.clearAll();","\t\t\ttestsetup(snippet);","\t\t\tjslitmus.runAll();","\t\t});","\t\t// Run it!","\t\tjslitmus.runAll();","\t}","","\tfunction runTestsInBrowser() {","\t\tjslitmus = window.jslitmus;doU = window.doU;doT = window.doT;","","\t\tvar resultTmpl = doT.template(\"<h3>Template length : {{=it.size}} </h3>\t<img src='{{=it.url}}'/>\");","\t\tvar currentSet = document.getElementById('small');","\t\ttestsetup(snippet);","\t\t// 'complete' fires for each test when it finishes.","\t\tjslitmus.on('complete', function(test) {","\t\t// Output test results","\t\t\tcurrentSet.innerHTML += test + '<br/>';","\t\t});","\t\t// 'all_complete' fires when all tests have finished.","\t\tjslitmus.on('all_complete', function() {","\t\t\t// Get the results image URL","\t\t\tvar url = jslitmus.getGoogleChart();","\t\t\tif (currentSet.id === 'small') {","\t\t\t\tcurrentSet.innerHTML += resultTmpl({size: snippet.length, url: url});","\t\t\t\tsetTimeout(function() {","\t\t\t\t\tjslitmus.clearAll();","\t\t\t\t\tcurrentSet = document.getElementById('large');","\t\t\t\t\tfor(var i=0; i<8; i++) { snippet += snippet; }","\t\t\t\t\ttestsetup(snippet);","\t\t\t\t\tjslitmus.runAll();","\t\t\t\t}, 10);","\t\t\t} else {","\t\t\t\tcurrentSet.innerHTML += resultTmpl({size: snippet.length, url: url});","\t\t\t}","\t\t});","\t\t// Run it!","\t\tjslitmus.runAll();","\t}","})();",""],"l":{"1":1,"2":1,"11":1,"12":1,"14":0,"17":1,"19":1,"21":1,"23":1,"25":1,"26":1,"28":1,"29":337930,"32":1,"33":3,"34":337930,"38":1,"39":337930,"42":1,"43":4,"44":501770,"48":1,"49":337930,"52":1,"53":3,"54":337930,"58":1,"59":0,"62":1,"63":0,"64":0,"69":1,"71":1,"72":1,"73":1,"74":1,"75":1,"76":1,"78":1,"80":11,"83":1,"84":0,"86":0,"87":0,"88":0,"89":0,"91":0,"92":0,"93":0,"94":0,"96":0,"99":0,"100":0,"101":0,"104":1,"107":1,"108":0,"110":0,"111":0,"112":0,"114":0,"116":0,"119":0,"121":0,"122":0,"123":0,"124":0,"125":0,"126":0,"127":0,"128":0,"129":0,"132":0,"136":0}},"/home/travis/build/npmtest/node-npmtest-dot/node_modules/dot/doU.js":{"path":"/home/travis/build/npmtest/node-npmtest-dot/node_modules/dot/doU.js","s":{"1":1,"2":1,"3":1,"4":1,"5":0,"6":1,"7":1,"8":0,"9":0,"10":0,"11":0,"12":0,"13":0,"14":0,"15":0,"16":0,"17":0},"b":{"1":[1,0],"2":[1,1],"3":[0,0],"4":[0,0],"5":[0,0],"6":[0,0],"7":[0,0]},"f":{"1":1,"2":0},"fnMap":{"1":{"name":"(anonymous_1)","line":16,"loc":{"start":{"line":16,"column":1},"end":{"line":16,"column":12}}},"2":{"name":"(anonymous_2)","line":31,"loc":{"start":{"line":31,"column":16},"end":{"line":31,"column":37}}}},"statementMap":{"1":{"start":{"line":16,"column":0},"end":{"line":56,"column":5}},"2":{"start":{"line":17,"column":1},"end":{"line":17,"column":33}},"3":{"start":{"line":19,"column":1},"end":{"line":23,"column":2}},"4":{"start":{"line":20,"column":2},"end":{"line":20,"column":23}},"5":{"start":{"line":22,"column":2},"end":{"line":22,"column":17}},"6":{"start":{"line":25,"column":1},"end":{"line":29,"column":3}},"7":{"start":{"line":31,"column":1},"end":{"line":55,"column":3}},"8":{"start":{"line":32,"column":2},"end":{"line":32,"column":38}},"9":{"start":{"line":33,"column":2},"end":{"line":36,"column":15}},"10":{"start":{"line":38,"column":2},"end":{"line":43,"column":3}},"11":{"start":{"line":39,"column":3},"end":{"line":42,"column":265}},"12":{"start":{"line":45,"column":2},"end":{"line":47,"column":47}},"13":{"start":{"line":49,"column":2},"end":{"line":54,"column":3}},"14":{"start":{"line":50,"column":3},"end":{"line":50,"column":42}},"15":{"start":{"line":52,"column":3},"end":{"line":52,"column":99}},"16":{"start":{"line":52,"column":39},"end":{"line":52,"column":99}},"17":{"start":{"line":53,"column":3},"end":{"line":53,"column":11}}},"branchMap":{"1":{"line":19,"type":"if","locations":[{"start":{"line":19,"column":1},"end":{"line":19,"column":1}},{"start":{"line":19,"column":1},"end":{"line":19,"column":1}}]},"2":{"line":19,"type":"binary-expr","locations":[{"start":{"line":19,"column":5},"end":{"line":19,"column":34}},{"start":{"line":19,"column":38},"end":{"line":19,"column":52}}]},"3":{"line":32,"type":"binary-expr","locations":[{"start":{"line":32,"column":9},"end":{"line":32,"column":13}},{"start":{"line":32,"column":17},"end":{"line":32,"column":37}}]},"4":{"line":39,"type":"cond-expr","locations":[{"start":{"line":40,"column":3},"end":{"line":40,"column":56}},{"start":{"line":40,"column":60},"end":{"line":42,"column":263}}]},"5":{"line":40,"type":"cond-expr","locations":[{"start":{"line":41,"column":3},"end":{"line":41,"column":38}},{"start":{"line":41,"column":42},"end":{"line":42,"column":262}}]},"6":{"line":41,"type":"cond-expr","locations":[{"start":{"line":42,"column":3},"end":{"line":42,"column":237}},{"start":{"line":42,"column":240},"end":{"line":42,"column":262}}]},"7":{"line":52,"type":"if","locations":[{"start":{"line":52,"column":3},"end":{"line":52,"column":3}},{"start":{"line":52,"column":3},"end":{"line":52,"column":3}}]}},"code":["// doU.js","// (c) 2011, Laura Doktorova","// https://github.com/olado/doT","//","// doU is an extraction and slight modification of an excellent","// templating function from jQote2.js (jQuery plugin) by aefxx","// (http://aefxx.com/jquery-plugins/jqote2/).","//","// Modifications:","// 1. nodejs support","// 2. allow for custom template markers","// 3. only allow direct invocation of the compiled function","//","// Licensed under the MIT license.","","(function() {","\tvar doU = { version : '0.1.2' };","","\tif (typeof module !== 'undefined' && module.exports) {","\t\tmodule.exports = doU;","\t} else {","\t\tthis.doU = doU;","\t}","","\tdoU.templateSettings = {","\t\tbegin : '{{',","\t\tend : '}}',","\t\tvarname : 'it'","\t};","","\tdoU.template = function(tmpl, conf) {","\t\tconf = conf || doU.templateSettings;","\t\tvar str = '', tb = conf.begin, te = conf.end, m, l,","\t\t\tarr = tmpl.replace(/\\s*<!\\[CDATA\\[\\s*|\\s*\\]\\]>\\s*|[\\r\\n\\t]|(\\/\\*[\\s\\S]*?\\*\\/)/g, '')","\t\t\t\t.split(tb).join(te +'\\x1b')","\t\t\t\t.split(te);","","\t\tfor (m=0,l=arr.length; m < l; m++) {","\t\t\tstr += arr[m].charAt(0) !== '\\x1b' ?","\t\t\t\"out+='\" + arr[m].replace(/(\\\\|[\"'])/g, '\\\\$1') + \"'\" : (arr[m].charAt(1) === '=' ?","\t\t\t';out+=(' + arr[m].substr(2) + ');' : (arr[m].charAt(1) === '!' ?","\t\t\t';out+=(' + arr[m].substr(2) + \").toString().replace(/&(?!\\\\w+;)/g, '&#38;').split('<').join('&#60;').split('>').join('&#62;').split('\" + '\"' + \"').join('&#34;').split(\" + '\"' + \"'\" + '\"' + \").join('&#39;').split('/').join('&#x2F;');\" : ';' + arr[m].substr(1)));","\t\t}","","\t\tstr = ('var out=\"\";'+str+';return out;')","\t\t\t.split(\"out+='';\").join('')","\t\t\t.split('var out=\"\";out+=').join('var out=');","","\t\ttry {","\t\t\treturn new Function(conf.varname, str);","\t\t} catch (e) {","\t\t\tif (typeof console !== 'undefined') console.log(\"Could not create a template function: \" + str);","\t\t\tthrow e;","\t\t}","\t};","}());",""],"l":{"16":1,"17":1,"19":1,"20":1,"22":0,"25":1,"31":1,"32":0,"33":0,"38":0,"39":0,"45":0,"49":0,"50":0,"52":0,"53":0}}}